-- Install configuration: ""
-- Up-to-date: /home/miche658/CSCI4551/project/install/maze_bringup_package/share/maze_bringup_package/launch
-- Up-to-date: /home/miche658/CSCI4551/project/install/maze_bringup_package/share/maze_bringup_package/launch/single_robot_launch.py
-- Up-to-date: /home/miche658/CSCI4551/project/install/maze_bringup_package/share/maze_bringup_package/worlds
-- Up-to-date: /home/miche658/CSCI4551/project/install/maze_bringup_package/share/maze_bringup_package/worlds/maze.world
-- Up-to-date: /home/miche658/CSCI4551/project/install/maze_bringup_package/share/ament_index/resource_index/package_run_dependencies/maze_bringup_package
-- Up-to-date: /home/miche658/CSCI4551/project/install/maze_bringup_package/share/ament_index/resource_index/parent_prefix_path/maze_bringup_package
-- Up-to-date: /home/miche658/CSCI4551/project/install/maze_bringup_package/share/maze_bringup_package/environment/ament_prefix_path.sh
-- Up-to-date: /home/miche658/CSCI4551/project/install/maze_bringup_package/share/maze_bringup_package/environment/ament_prefix_path.dsv
-- Up-to-date: /home/miche658/CSCI4551/project/install/maze_bringup_package/share/maze_bringup_package/environment/path.sh
-- Up-to-date: /home/miche658/CSCI4551/project/install/maze_bringup_package/share/maze_bringup_package/environment/path.dsv
-- Up-to-date: /home/miche658/CSCI4551/project/install/maze_bringup_package/share/maze_bringup_package/local_setup.bash
-- Up-to-date: /home/miche658/CSCI4551/project/install/maze_bringup_package/share/maze_bringup_package/local_setup.sh
-- Up-to-date: /home/miche658/CSCI4551/project/install/maze_bringup_package/share/maze_bringup_package/local_setup.zsh
-- Up-to-date: /home/miche658/CSCI4551/project/install/maze_bringup_package/share/maze_bringup_package/local_setup.dsv
-- Up-to-date: /home/miche658/CSCI4551/project/install/maze_bringup_package/share/maze_bringup_package/package.dsv
-- Up-to-date: /home/miche658/CSCI4551/project/install/maze_bringup_package/share/ament_index/resource_index/packages/maze_bringup_package
-- Up-to-date: /home/miche658/CSCI4551/project/install/maze_bringup_package/share/maze_bringup_package/cmake/maze_bringup_packageConfig.cmake
-- Up-to-date: /home/miche658/CSCI4551/project/install/maze_bringup_package/share/maze_bringup_package/cmake/maze_bringup_packageConfig-version.cmake
-- Up-to-date: /home/miche658/CSCI4551/project/install/maze_bringup_package/share/maze_bringup_package/package.xml
