[0.094s] DEBUG:colcon:Command line arguments: ['/usr/bin/colcon', 'build']
[0.094s] DEBUG:colcon:Parsed command line arguments: Namespace(log_base=None, log_level=None, verb_name='build', build_base='build', install_base='install', merge_install=False, symlink_install=False, test_result_base=None, continue_on_error=False, executor='parallel', parallel_workers=16, event_handlers=None, ignore_user_meta=False, metas=['./colcon.meta'], base_paths=['.'], packages_ignore=None, packages_ignore_regex=None, paths=None, packages_up_to=None, packages_up_to_regex=None, packages_above=None, packages_above_and_dependencies=None, packages_above_depth=None, packages_select_by_dep=None, packages_skip_by_dep=None, packages_skip_up_to=None, packages_select_build_failed=False, packages_skip_build_finished=False, packages_select_test_failures=False, packages_skip_test_passed=False, packages_select=None, packages_skip=None, packages_select_regex=None, packages_skip_regex=None, packages_start=None, packages_end=None, allow_overriding=[], cmake_args=None, cmake_target=None, cmake_target_skip_unavailable=False, cmake_clean_cache=False, cmake_clean_first=False, cmake_force_configure=False, ament_cmake_args=None, catkin_cmake_args=None, catkin_skip_building_tests=False, verb_parser=<colcon_defaults.argument_parser.defaults.DefaultArgumentsDecorator object at 0x7faab2e2c950>, verb_extension=<colcon_core.verb.build.BuildVerb object at 0x7faab2e2c440>, main=<bound method BuildVerb.main of <colcon_core.verb.build.BuildVerb object at 0x7faab2e2c440>>)
[0.122s] Level 1:colcon.colcon_core.package_discovery:discover_packages(colcon_meta) check parameters
[0.122s] Level 1:colcon.colcon_core.package_discovery:discover_packages(recursive) check parameters
[0.122s] Level 1:colcon.colcon_core.package_discovery:discover_packages(ignore) check parameters
[0.122s] Level 1:colcon.colcon_core.package_discovery:discover_packages(path) check parameters
[0.122s] Level 1:colcon.colcon_core.package_discovery:discover_packages(colcon_meta) discover
[0.122s] Level 1:colcon.colcon_core.package_discovery:discover_packages(recursive) discover
[0.122s] INFO:colcon.colcon_core.package_discovery:Crawling recursively for packages in '/home/miche658/CSCI4551/project'
[0.123s] Level 1:colcon.colcon_core.package_identification:_identify(.) by extensions ['ignore', 'ignore_ament_install']
[0.123s] Level 1:colcon.colcon_core.package_identification:_identify(.) by extension 'ignore'
[0.123s] Level 1:colcon.colcon_core.package_identification:_identify(.) by extension 'ignore_ament_install'
[0.123s] Level 1:colcon.colcon_core.package_identification:_identify(.) by extensions ['colcon_pkg']
[0.123s] Level 1:colcon.colcon_core.package_identification:_identify(.) by extension 'colcon_pkg'
[0.123s] Level 1:colcon.colcon_core.package_identification:_identify(.) by extensions ['colcon_meta']
[0.123s] Level 1:colcon.colcon_core.package_identification:_identify(.) by extension 'colcon_meta'
[0.123s] Level 1:colcon.colcon_core.package_identification:_identify(.) by extensions ['ros']
[0.123s] Level 1:colcon.colcon_core.package_identification:_identify(.) by extension 'ros'
[0.139s] Level 1:colcon.colcon_core.package_identification:_identify(.) by extensions ['cmake', 'python']
[0.139s] Level 1:colcon.colcon_core.package_identification:_identify(.) by extension 'cmake'
[0.139s] Level 1:colcon.colcon_core.package_identification:_identify(.) by extension 'python'
[0.139s] Level 1:colcon.colcon_core.package_identification:_identify(.) by extensions ['python_setup_py']
[0.139s] Level 1:colcon.colcon_core.package_identification:_identify(.) by extension 'python_setup_py'
[0.140s] Level 1:colcon.colcon_core.package_identification:_identify(build) by extensions ['ignore', 'ignore_ament_install']
[0.140s] Level 1:colcon.colcon_core.package_identification:_identify(build) by extension 'ignore'
[0.140s] Level 1:colcon.colcon_core.package_identification:_identify(build) ignored
[0.140s] Level 1:colcon.colcon_core.package_identification:_identify(install) by extensions ['ignore', 'ignore_ament_install']
[0.140s] Level 1:colcon.colcon_core.package_identification:_identify(install) by extension 'ignore'
[0.140s] Level 1:colcon.colcon_core.package_identification:_identify(install) ignored
[0.142s] Level 1:colcon.colcon_core.package_identification:_identify(log) by extensions ['ignore', 'ignore_ament_install']
[0.142s] Level 1:colcon.colcon_core.package_identification:_identify(log) by extension 'ignore'
[0.142s] Level 1:colcon.colcon_core.package_identification:_identify(log) ignored
[0.143s] Level 1:colcon.colcon_core.package_identification:_identify(src) by extensions ['ignore', 'ignore_ament_install']
[0.143s] Level 1:colcon.colcon_core.package_identification:_identify(src) by extension 'ignore'
[0.143s] Level 1:colcon.colcon_core.package_identification:_identify(src) by extension 'ignore_ament_install'
[0.143s] Level 1:colcon.colcon_core.package_identification:_identify(src) by extensions ['colcon_pkg']
[0.143s] Level 1:colcon.colcon_core.package_identification:_identify(src) by extension 'colcon_pkg'
[0.143s] Level 1:colcon.colcon_core.package_identification:_identify(src) by extensions ['colcon_meta']
[0.143s] Level 1:colcon.colcon_core.package_identification:_identify(src) by extension 'colcon_meta'
[0.143s] Level 1:colcon.colcon_core.package_identification:_identify(src) by extensions ['ros']
[0.143s] Level 1:colcon.colcon_core.package_identification:_identify(src) by extension 'ros'
[0.143s] Level 1:colcon.colcon_core.package_identification:_identify(src) by extensions ['cmake', 'python']
[0.143s] Level 1:colcon.colcon_core.package_identification:_identify(src) by extension 'cmake'
[0.143s] Level 1:colcon.colcon_core.package_identification:_identify(src) by extension 'python'
[0.143s] Level 1:colcon.colcon_core.package_identification:_identify(src) by extensions ['python_setup_py']
[0.143s] Level 1:colcon.colcon_core.package_identification:_identify(src) by extension 'python_setup_py'
[0.144s] Level 1:colcon.colcon_core.package_identification:_identify(src/maze_bringup_package) by extensions ['ignore', 'ignore_ament_install']
[0.144s] Level 1:colcon.colcon_core.package_identification:_identify(src/maze_bringup_package) by extension 'ignore'
[0.144s] Level 1:colcon.colcon_core.package_identification:_identify(src/maze_bringup_package) by extension 'ignore_ament_install'
[0.144s] Level 1:colcon.colcon_core.package_identification:_identify(src/maze_bringup_package) by extensions ['colcon_pkg']
[0.144s] Level 1:colcon.colcon_core.package_identification:_identify(src/maze_bringup_package) by extension 'colcon_pkg'
[0.144s] Level 1:colcon.colcon_core.package_identification:_identify(src/maze_bringup_package) by extensions ['colcon_meta']
[0.144s] Level 1:colcon.colcon_core.package_identification:_identify(src/maze_bringup_package) by extension 'colcon_meta'
[0.144s] Level 1:colcon.colcon_core.package_identification:_identify(src/maze_bringup_package) by extensions ['ros']
[0.144s] Level 1:colcon.colcon_core.package_identification:_identify(src/maze_bringup_package) by extension 'ros'
[0.147s] DEBUG:colcon.colcon_core.package_identification:Package 'src/maze_bringup_package' with type 'ros.catkin' and name 'maze_bringup_package'
[0.148s] Level 1:colcon.colcon_core.package_identification:_identify(src/maze_solver_package) by extensions ['ignore', 'ignore_ament_install']
[0.148s] Level 1:colcon.colcon_core.package_identification:_identify(src/maze_solver_package) by extension 'ignore'
[0.148s] Level 1:colcon.colcon_core.package_identification:_identify(src/maze_solver_package) by extension 'ignore_ament_install'
[0.148s] Level 1:colcon.colcon_core.package_identification:_identify(src/maze_solver_package) by extensions ['colcon_pkg']
[0.148s] Level 1:colcon.colcon_core.package_identification:_identify(src/maze_solver_package) by extension 'colcon_pkg'
[0.148s] Level 1:colcon.colcon_core.package_identification:_identify(src/maze_solver_package) by extensions ['colcon_meta']
[0.148s] Level 1:colcon.colcon_core.package_identification:_identify(src/maze_solver_package) by extension 'colcon_meta'
[0.148s] Level 1:colcon.colcon_core.package_identification:_identify(src/maze_solver_package) by extensions ['ros']
[0.148s] Level 1:colcon.colcon_core.package_identification:_identify(src/maze_solver_package) by extension 'ros'
[0.149s] DEBUG:colcon.colcon_core.package_identification:Package 'src/maze_solver_package' with type 'ros.ament_python' and name 'maze_solver_package'
[0.150s] Level 1:colcon.colcon_core.package_discovery:discover_packages(recursive) using defaults
[0.150s] Level 1:colcon.colcon_core.package_discovery:discover_packages(ignore) discover
[0.150s] Level 1:colcon.colcon_core.package_discovery:discover_packages(ignore) using defaults
[0.150s] Level 1:colcon.colcon_core.package_discovery:discover_packages(path) discover
[0.150s] Level 1:colcon.colcon_core.package_discovery:discover_packages(path) using defaults
[0.163s] Level 1:colcon.colcon_core.package_discovery:discover_packages(prefix_path) check parameters
[0.163s] Level 1:colcon.colcon_core.package_discovery:discover_packages(prefix_path) discover
[0.171s] DEBUG:colcon.colcon_installed_package_information.package_discovery:Found 2 installed packages in /home/miche658/CSCI4551/project/install
[0.172s] DEBUG:colcon.colcon_installed_package_information.package_discovery:Found 547 installed packages in /opt/ros/jazzy
[0.173s] Level 1:colcon.colcon_core.package_discovery:discover_packages(prefix_path) using defaults
[0.229s] Level 5:colcon.colcon_core.verb:set package 'maze_bringup_package' build argument 'cmake_args' from command line to 'None'
[0.229s] Level 5:colcon.colcon_core.verb:set package 'maze_bringup_package' build argument 'cmake_target' from command line to 'None'
[0.229s] Level 5:colcon.colcon_core.verb:set package 'maze_bringup_package' build argument 'cmake_target_skip_unavailable' from command line to 'False'
[0.229s] Level 5:colcon.colcon_core.verb:set package 'maze_bringup_package' build argument 'cmake_clean_cache' from command line to 'False'
[0.229s] Level 5:colcon.colcon_core.verb:set package 'maze_bringup_package' build argument 'cmake_clean_first' from command line to 'False'
[0.229s] Level 5:colcon.colcon_core.verb:set package 'maze_bringup_package' build argument 'cmake_force_configure' from command line to 'False'
[0.229s] Level 5:colcon.colcon_core.verb:set package 'maze_bringup_package' build argument 'ament_cmake_args' from command line to 'None'
[0.229s] Level 5:colcon.colcon_core.verb:set package 'maze_bringup_package' build argument 'catkin_cmake_args' from command line to 'None'
[0.229s] Level 5:colcon.colcon_core.verb:set package 'maze_bringup_package' build argument 'catkin_skip_building_tests' from command line to 'False'
[0.229s] DEBUG:colcon.colcon_core.verb:Building package 'maze_bringup_package' with the following arguments: {'ament_cmake_args': None, 'build_base': '/home/miche658/CSCI4551/project/build/maze_bringup_package', 'catkin_cmake_args': None, 'catkin_skip_building_tests': False, 'cmake_args': None, 'cmake_clean_cache': False, 'cmake_clean_first': False, 'cmake_force_configure': False, 'cmake_target': None, 'cmake_target_skip_unavailable': False, 'install_base': '/home/miche658/CSCI4551/project/install/maze_bringup_package', 'merge_install': False, 'path': '/home/miche658/CSCI4551/project/src/maze_bringup_package', 'symlink_install': False, 'test_result_base': None}
[0.229s] Level 5:colcon.colcon_core.verb:set package 'maze_solver_package' build argument 'cmake_args' from command line to 'None'
[0.229s] Level 5:colcon.colcon_core.verb:set package 'maze_solver_package' build argument 'cmake_target' from command line to 'None'
[0.229s] Level 5:colcon.colcon_core.verb:set package 'maze_solver_package' build argument 'cmake_target_skip_unavailable' from command line to 'False'
[0.229s] Level 5:colcon.colcon_core.verb:set package 'maze_solver_package' build argument 'cmake_clean_cache' from command line to 'False'
[0.229s] Level 5:colcon.colcon_core.verb:set package 'maze_solver_package' build argument 'cmake_clean_first' from command line to 'False'
[0.229s] Level 5:colcon.colcon_core.verb:set package 'maze_solver_package' build argument 'cmake_force_configure' from command line to 'False'
[0.229s] Level 5:colcon.colcon_core.verb:set package 'maze_solver_package' build argument 'ament_cmake_args' from command line to 'None'
[0.229s] Level 5:colcon.colcon_core.verb:set package 'maze_solver_package' build argument 'catkin_cmake_args' from command line to 'None'
[0.229s] Level 5:colcon.colcon_core.verb:set package 'maze_solver_package' build argument 'catkin_skip_building_tests' from command line to 'False'
[0.229s] DEBUG:colcon.colcon_core.verb:Building package 'maze_solver_package' with the following arguments: {'ament_cmake_args': None, 'build_base': '/home/miche658/CSCI4551/project/build/maze_solver_package', 'catkin_cmake_args': None, 'catkin_skip_building_tests': False, 'cmake_args': None, 'cmake_clean_cache': False, 'cmake_clean_first': False, 'cmake_force_configure': False, 'cmake_target': None, 'cmake_target_skip_unavailable': False, 'install_base': '/home/miche658/CSCI4551/project/install/maze_solver_package', 'merge_install': False, 'path': '/home/miche658/CSCI4551/project/src/maze_solver_package', 'symlink_install': False, 'test_result_base': None}
[0.229s] INFO:colcon.colcon_core.executor:Executing jobs using 'parallel' executor
[0.230s] DEBUG:colcon.colcon_parallel_executor.executor.parallel:run_until_complete
[0.230s] INFO:colcon.colcon_ros.task.catkin.build:Building ROS package in '/home/miche658/CSCI4551/project/src/maze_bringup_package' with build type 'catkin'
[0.230s] INFO:colcon.colcon_cmake.task.cmake.build:Building CMake package in '/home/miche658/CSCI4551/project/src/maze_bringup_package'
[0.231s] INFO:colcon.colcon_core.plugin_system:Skipping extension 'colcon_core.shell.bat': Not used on non-Windows systems
[0.231s] INFO:colcon.colcon_core.shell:Skip shell extension 'powershell' for command environment: Not usable outside of PowerShell
[0.231s] DEBUG:colcon.colcon_core.shell:Skip shell extension 'dsv' for command environment
[0.249s] INFO:colcon.colcon_ros.task.ament_python.build:Building ROS package in '/home/miche658/CSCI4551/project/src/maze_solver_package' with build type 'ament_python'
[0.249s] Level 1:colcon.colcon_core.shell:create_environment_hook('maze_solver_package', 'ament_prefix_path')
[0.250s] INFO:colcon.colcon_core.shell:Creating environment hook '/home/miche658/CSCI4551/project/install/maze_solver_package/share/maze_solver_package/hook/ament_prefix_path.ps1'
[0.254s] INFO:colcon.colcon_core.shell:Creating environment descriptor '/home/miche658/CSCI4551/project/install/maze_solver_package/share/maze_solver_package/hook/ament_prefix_path.dsv'
[0.258s] INFO:colcon.colcon_core.shell:Creating environment hook '/home/miche658/CSCI4551/project/install/maze_solver_package/share/maze_solver_package/hook/ament_prefix_path.sh'
[0.263s] INFO:colcon.colcon_core.shell:Skip shell extension 'powershell' for command environment: Not usable outside of PowerShell
[0.263s] DEBUG:colcon.colcon_core.shell:Skip shell extension 'dsv' for command environment
[0.305s] DEBUG:colcon.colcon_core.event_handler.log_command:Invoking command in '/home/miche658/CSCI4551/project/build/maze_bringup_package': DEBUGINFOD_URLS=https://debuginfod.ubuntu.com _=/usr/bin/env /usr/bin/cmake --build /home/miche658/CSCI4551/project/build/maze_bringup_package -- -j16 -l16
[0.567s] INFO:colcon.colcon_core.task.python.build:Building Python package in '/home/miche658/CSCI4551/project/src/maze_solver_package'
[0.567s] INFO:colcon.colcon_core.shell:Skip shell extension 'powershell' for command environment: Not usable outside of PowerShell
[0.567s] DEBUG:colcon.colcon_core.shell:Skip shell extension 'dsv' for command environment
[0.584s] DEBUG:colcon.colcon_core.event_handler.log_command:Invoked command in '/home/miche658/CSCI4551/project/build/maze_bringup_package' returned '0': DEBUGINFOD_URLS=https://debuginfod.ubuntu.com _=/usr/bin/env /usr/bin/cmake --build /home/miche658/CSCI4551/project/build/maze_bringup_package -- -j16 -l16
[0.604s] DEBUG:colcon.colcon_core.event_handler.log_command:Invoking command in '/home/miche658/CSCI4551/project/build/maze_bringup_package': DEBUGINFOD_URLS=https://debuginfod.ubuntu.com _=/usr/bin/env /usr/bin/cmake --install /home/miche658/CSCI4551/project/build/maze_bringup_package
[0.661s] DEBUG:colcon.colcon_core.event_handler.log_command:Invoked command in '/home/miche658/CSCI4551/project/build/maze_bringup_package' returned '0': DEBUGINFOD_URLS=https://debuginfod.ubuntu.com _=/usr/bin/env /usr/bin/cmake --install /home/miche658/CSCI4551/project/build/maze_bringup_package
[0.665s] Level 1:colcon.colcon_core.shell:create_environment_hook('maze_bringup_package', 'ros_package_path')
[0.665s] INFO:colcon.colcon_core.shell:Creating environment hook '/home/miche658/CSCI4551/project/install/maze_bringup_package/share/maze_bringup_package/hook/ros_package_path.ps1'
[0.669s] INFO:colcon.colcon_core.shell:Creating environment descriptor '/home/miche658/CSCI4551/project/install/maze_bringup_package/share/maze_bringup_package/hook/ros_package_path.dsv'
[0.673s] INFO:colcon.colcon_core.shell:Creating environment hook '/home/miche658/CSCI4551/project/install/maze_bringup_package/share/maze_bringup_package/hook/ros_package_path.sh'
[0.678s] Level 1:colcon.colcon_core.shell:create_environment_hook('maze_bringup_package', 'pkg_config_path')
[0.678s] INFO:colcon.colcon_core.shell:Creating environment hook '/home/miche658/CSCI4551/project/install/maze_bringup_package/share/maze_bringup_package/hook/pkg_config_path.ps1'
[0.682s] INFO:colcon.colcon_core.shell:Creating environment descriptor '/home/miche658/CSCI4551/project/install/maze_bringup_package/share/maze_bringup_package/hook/pkg_config_path.dsv'
[0.686s] INFO:colcon.colcon_core.shell:Creating environment hook '/home/miche658/CSCI4551/project/install/maze_bringup_package/share/maze_bringup_package/hook/pkg_config_path.sh'
[0.701s] Level 1:colcon.colcon_core.shell:create_environment_hook('maze_bringup_package', 'pkg_config_path_multiarch')
[0.701s] INFO:colcon.colcon_core.shell:Creating environment hook '/home/miche658/CSCI4551/project/install/maze_bringup_package/share/maze_bringup_package/hook/pkg_config_path_multiarch.ps1'
[0.707s] INFO:colcon.colcon_core.shell:Creating environment descriptor '/home/miche658/CSCI4551/project/install/maze_bringup_package/share/maze_bringup_package/hook/pkg_config_path_multiarch.dsv'
[0.710s] INFO:colcon.colcon_core.shell:Creating environment hook '/home/miche658/CSCI4551/project/install/maze_bringup_package/share/maze_bringup_package/hook/pkg_config_path_multiarch.sh'
[0.715s] Level 1:colcon.colcon_core.environment:create_environment_scripts_only(maze_bringup_package)
[0.716s] Level 1:colcon.colcon_core.environment:checking '/home/miche658/CSCI4551/project/install/maze_bringup_package' for CMake module files
[0.719s] Level 1:colcon.colcon_core.environment:checking '/home/miche658/CSCI4551/project/install/maze_bringup_package' for CMake config files
[0.723s] Level 1:colcon.colcon_core.shell:create_environment_hook('maze_bringup_package', 'cmake_prefix_path')
[0.723s] INFO:colcon.colcon_core.shell:Creating environment hook '/home/miche658/CSCI4551/project/install/maze_bringup_package/share/maze_bringup_package/hook/cmake_prefix_path.ps1'
[0.727s] INFO:colcon.colcon_core.shell:Creating environment descriptor '/home/miche658/CSCI4551/project/install/maze_bringup_package/share/maze_bringup_package/hook/cmake_prefix_path.dsv'
[0.731s] INFO:colcon.colcon_core.shell:Creating environment hook '/home/miche658/CSCI4551/project/install/maze_bringup_package/share/maze_bringup_package/hook/cmake_prefix_path.sh'
[0.736s] Level 1:colcon.colcon_core.environment:checking '/home/miche658/CSCI4551/project/install/maze_bringup_package/bin'
[0.736s] Level 1:colcon.colcon_core.environment:checking '/home/miche658/CSCI4551/project/install/maze_bringup_package/lib/pkgconfig/maze_bringup_package.pc'
[0.736s] Level 1:colcon.colcon_core.environment:checking '/home/miche658/CSCI4551/project/install/maze_bringup_package/lib/python3.12/site-packages'
[0.737s] Level 1:colcon.colcon_core.environment:checking '/home/miche658/CSCI4551/project/install/maze_bringup_package/bin'
[0.737s] INFO:colcon.colcon_core.shell:Creating package script '/home/miche658/CSCI4551/project/install/maze_bringup_package/share/maze_bringup_package/package.ps1'
[0.740s] INFO:colcon.colcon_core.shell:Creating package descriptor '/home/miche658/CSCI4551/project/install/maze_bringup_package/share/maze_bringup_package/package.dsv'
[0.744s] INFO:colcon.colcon_core.shell:Creating package script '/home/miche658/CSCI4551/project/install/maze_bringup_package/share/maze_bringup_package/package.sh'
[0.748s] INFO:colcon.colcon_core.shell:Creating package script '/home/miche658/CSCI4551/project/install/maze_bringup_package/share/maze_bringup_package/package.bash'
[0.752s] INFO:colcon.colcon_core.shell:Creating package script '/home/miche658/CSCI4551/project/install/maze_bringup_package/share/maze_bringup_package/package.zsh'
[0.756s] Level 1:colcon.colcon_core.environment:create_file_with_runtime_dependencies(/home/miche658/CSCI4551/project/install/maze_bringup_package/share/colcon-core/packages/maze_bringup_package)
[1.386s] DEBUG:colcon.colcon_core.event_handler.log_command:Invoking command in '/home/miche658/CSCI4551/project/src/maze_solver_package': DEBUGINFOD_URLS=https://debuginfod.ubuntu.com PYTHONPATH=/home/miche658/CSCI4551/project/build/maze_solver_package/prefix_override:/usr/lib/python3/dist-packages/colcon_core/task/python/colcon_distutils_commands:/home/miche658/CSCI4551/project/install/maze_solver_package/lib/python3.12/site-packages:${PYTHONPATH} _=/usr/bin/env /usr/bin/python3 -W ignore:setup.py install is deprecated -W ignore:easy_install command is deprecated setup.py egg_info --egg-base ../../build/maze_solver_package build --build-base /home/miche658/CSCI4551/project/build/maze_solver_package/build install --record /home/miche658/CSCI4551/project/build/maze_solver_package/install.log --single-version-externally-managed install_data
[2.393s] Level 1:colcon.colcon_core.environment:checking '/home/miche658/CSCI4551/project/install/maze_solver_package' for CMake module files
[2.393s] DEBUG:colcon.colcon_core.event_handler.log_command:Invoked command in '/home/miche658/CSCI4551/project/src/maze_solver_package' returned '0': DEBUGINFOD_URLS=https://debuginfod.ubuntu.com PYTHONPATH=/home/miche658/CSCI4551/project/build/maze_solver_package/prefix_override:/usr/lib/python3/dist-packages/colcon_core/task/python/colcon_distutils_commands:/home/miche658/CSCI4551/project/install/maze_solver_package/lib/python3.12/site-packages:${PYTHONPATH} _=/usr/bin/env /usr/bin/python3 -W ignore:setup.py install is deprecated -W ignore:easy_install command is deprecated setup.py egg_info --egg-base ../../build/maze_solver_package build --build-base /home/miche658/CSCI4551/project/build/maze_solver_package/build install --record /home/miche658/CSCI4551/project/build/maze_solver_package/install.log --single-version-externally-managed install_data
[2.396s] Level 1:colcon.colcon_core.environment:checking '/home/miche658/CSCI4551/project/install/maze_solver_package' for CMake config files
[2.406s] Level 1:colcon.colcon_core.environment:checking '/home/miche658/CSCI4551/project/install/maze_solver_package/lib'
[2.407s] Level 1:colcon.colcon_core.environment:checking '/home/miche658/CSCI4551/project/install/maze_solver_package/bin'
[2.407s] Level 1:colcon.colcon_core.environment:checking '/home/miche658/CSCI4551/project/install/maze_solver_package/lib/pkgconfig/maze_solver_package.pc'
[2.407s] Level 1:colcon.colcon_core.environment:checking '/home/miche658/CSCI4551/project/install/maze_solver_package/lib/python3.12/site-packages'
[2.407s] Level 1:colcon.colcon_core.shell:create_environment_hook('maze_solver_package', 'pythonpath')
[2.407s] INFO:colcon.colcon_core.shell:Creating environment hook '/home/miche658/CSCI4551/project/install/maze_solver_package/share/maze_solver_package/hook/pythonpath.ps1'
[2.412s] INFO:colcon.colcon_core.shell:Creating environment descriptor '/home/miche658/CSCI4551/project/install/maze_solver_package/share/maze_solver_package/hook/pythonpath.dsv'
[2.416s] INFO:colcon.colcon_core.shell:Creating environment hook '/home/miche658/CSCI4551/project/install/maze_solver_package/share/maze_solver_package/hook/pythonpath.sh'
[2.420s] Level 1:colcon.colcon_core.environment:checking '/home/miche658/CSCI4551/project/install/maze_solver_package/bin'
[2.420s] Level 1:colcon.colcon_core.environment:create_environment_scripts_only(maze_solver_package)
[2.420s] INFO:colcon.colcon_core.shell:Creating package script '/home/miche658/CSCI4551/project/install/maze_solver_package/share/maze_solver_package/package.ps1'
[2.424s] INFO:colcon.colcon_core.shell:Creating package descriptor '/home/miche658/CSCI4551/project/install/maze_solver_package/share/maze_solver_package/package.dsv'
[2.428s] INFO:colcon.colcon_core.shell:Creating package script '/home/miche658/CSCI4551/project/install/maze_solver_package/share/maze_solver_package/package.sh'
[2.432s] INFO:colcon.colcon_core.shell:Creating package script '/home/miche658/CSCI4551/project/install/maze_solver_package/share/maze_solver_package/package.bash'
[2.437s] INFO:colcon.colcon_core.shell:Creating package script '/home/miche658/CSCI4551/project/install/maze_solver_package/share/maze_solver_package/package.zsh'
[2.440s] Level 1:colcon.colcon_core.environment:create_file_with_runtime_dependencies(/home/miche658/CSCI4551/project/install/maze_solver_package/share/colcon-core/packages/maze_solver_package)
[2.442s] DEBUG:colcon.colcon_parallel_executor.executor.parallel:closing loop
[2.442s] DEBUG:colcon.colcon_parallel_executor.executor.parallel:loop closed
[2.442s] DEBUG:colcon.colcon_parallel_executor.executor.parallel:run_until_complete finished with '0'
[2.442s] DEBUG:colcon.colcon_core.event_reactor:joining thread
[2.464s] INFO:colcon.colcon_core.plugin_system:Skipping extension 'colcon_notification.desktop_notification.terminal_notifier': Not used on non-Darwin systems
[2.464s] INFO:colcon.colcon_core.plugin_system:Skipping extension 'colcon_notification.desktop_notification.win32': Not used on non-Windows systems
[2.464s] INFO:colcon.colcon_notification.desktop_notification:Sending desktop notification using 'notify2'
[2.473s] DEBUG:colcon.colcon_core.event_reactor:joined thread
[2.473s] INFO:colcon.colcon_core.shell:Creating prefix script '/home/miche658/CSCI4551/project/install/local_setup.ps1'
[2.477s] INFO:colcon.colcon_core.shell:Creating prefix util module '/home/miche658/CSCI4551/project/install/_local_setup_util_ps1.py'
[2.481s] INFO:colcon.colcon_core.shell:Creating prefix chain script '/home/miche658/CSCI4551/project/install/setup.ps1'
[2.490s] INFO:colcon.colcon_core.shell:Creating prefix script '/home/miche658/CSCI4551/project/install/local_setup.sh'
[2.495s] INFO:colcon.colcon_core.shell:Creating prefix util module '/home/miche658/CSCI4551/project/install/_local_setup_util_sh.py'
[2.499s] INFO:colcon.colcon_core.shell:Creating prefix chain script '/home/miche658/CSCI4551/project/install/setup.sh'
[2.507s] INFO:colcon.colcon_core.shell:Creating prefix script '/home/miche658/CSCI4551/project/install/local_setup.bash'
[2.511s] INFO:colcon.colcon_core.shell:Creating prefix chain script '/home/miche658/CSCI4551/project/install/setup.bash'
[2.519s] INFO:colcon.colcon_core.shell:Creating prefix script '/home/miche658/CSCI4551/project/install/local_setup.zsh'
[2.523s] INFO:colcon.colcon_core.shell:Creating prefix chain script '/home/miche658/CSCI4551/project/install/setup.zsh'
