[0.067s] Invoking command in '/home/miche658/CSCI4551/project/build/maze_bringup_package': DEBUGINFOD_URLS=https://debuginfod.ubuntu.com _=/usr/bin/env /usr/bin/cmake --build /home/miche658/CSCI4551/project/build/maze_bringup_package -- -j16 -l16
[0.351s] Invoked command in '/home/miche658/CSCI4551/project/build/maze_bringup_package' returned '0': DEBUGINFOD_URLS=https://debuginfod.ubuntu.com _=/usr/bin/env /usr/bin/cmake --build /home/miche658/CSCI4551/project/build/maze_bringup_package -- -j16 -l16
[0.372s] Invoking command in '/home/miche658/CSCI4551/project/build/maze_bringup_package': DEBUGINFOD_URLS=https://debuginfod.ubuntu.com _=/usr/bin/env /usr/bin/cmake --install /home/miche658/CSCI4551/project/build/maze_bringup_package
[0.383s] -- Install configuration: ""
[0.384s] -- Up-to-date: /home/miche658/CSCI4551/project/install/maze_bringup_package/share/maze_bringup_package/launch
[0.386s] -- Up-to-date: /home/miche658/CSCI4551/project/install/maze_bringup_package/share/maze_bringup_package/launch/single_robot_launch.py
[0.392s] -- Up-to-date: /home/miche658/CSCI4551/project/install/maze_bringup_package/share/maze_bringup_package/worlds
[0.393s] -- Up-to-date: /home/miche658/CSCI4551/project/install/maze_bringup_package/share/maze_bringup_package/worlds/maze.world
[0.393s] -- Up-to-date: /home/miche658/CSCI4551/project/install/maze_bringup_package/share/ament_index/resource_index/package_run_dependencies/maze_bringup_package
[0.395s] -- Up-to-date: /home/miche658/CSCI4551/project/install/maze_bringup_package/share/ament_index/resource_index/parent_prefix_path/maze_bringup_package
[0.397s] -- Up-to-date: /home/miche658/CSCI4551/project/install/maze_bringup_package/share/maze_bringup_package/environment/ament_prefix_path.sh
[0.398s] -- Up-to-date: /home/miche658/CSCI4551/project/install/maze_bringup_package/share/maze_bringup_package/environment/ament_prefix_path.dsv
[0.399s] -- Up-to-date: /home/miche658/CSCI4551/project/install/maze_bringup_package/share/maze_bringup_package/environment/path.sh
[0.400s] -- Up-to-date: /home/miche658/CSCI4551/project/install/maze_bringup_package/share/maze_bringup_package/environment/path.dsv
[0.402s] -- Up-to-date: /home/miche658/CSCI4551/project/install/maze_bringup_package/share/maze_bringup_package/local_setup.bash
[0.403s] -- Up-to-date: /home/miche658/CSCI4551/project/install/maze_bringup_package/share/maze_bringup_package/local_setup.sh
[0.404s] -- Up-to-date: /home/miche658/CSCI4551/project/install/maze_bringup_package/share/maze_bringup_package/local_setup.zsh
[0.406s] -- Up-to-date: /home/miche658/CSCI4551/project/install/maze_bringup_package/share/maze_bringup_package/local_setup.dsv
[0.407s] -- Installing: /home/miche658/CSCI4551/project/install/maze_bringup_package/share/maze_bringup_package/package.dsv
[0.423s] -- Up-to-date: /home/miche658/CSCI4551/project/install/maze_bringup_package/share/ament_index/resource_index/packages/maze_bringup_package
[0.425s] -- Up-to-date: /home/miche658/CSCI4551/project/install/maze_bringup_package/share/maze_bringup_package/cmake/maze_bringup_packageConfig.cmake
[0.426s] -- Up-to-date: /home/miche658/CSCI4551/project/install/maze_bringup_package/share/maze_bringup_package/cmake/maze_bringup_packageConfig-version.cmake
[0.428s] -- Up-to-date: /home/miche658/CSCI4551/project/install/maze_bringup_package/share/maze_bringup_package/package.xml
[0.433s] Invoked command in '/home/miche658/CSCI4551/project/build/maze_bringup_package' returned '0': DEBUGINFOD_URLS=https://debuginfod.ubuntu.com _=/usr/bin/env /usr/bin/cmake --install /home/miche658/CSCI4551/project/build/maze_bringup_package
