running egg_info
creating ../../build/maze_solver_package/maze_solver_package.egg-info
writing ../../build/maze_solver_package/maze_solver_package.egg-info/PKG-INFO
writing dependency_links to ../../build/maze_solver_package/maze_solver_package.egg-info/dependency_links.txt
writing entry points to ../../build/maze_solver_package/maze_solver_package.egg-info/entry_points.txt
writing requirements to ../../build/maze_solver_package/maze_solver_package.egg-info/requires.txt
writing top-level names to ../../build/maze_solver_package/maze_solver_package.egg-info/top_level.txt
writing manifest file '../../build/maze_solver_package/maze_solver_package.egg-info/SOURCES.txt'
reading manifest file '../../build/maze_solver_package/maze_solver_package.egg-info/SOURCES.txt'
adding license file 'LICENSE'
writing manifest file '../../build/maze_solver_package/maze_solver_package.egg-info/SOURCES.txt'
running build
running build_py
creating /home/miche658/CSCI4551/project/build/maze_solver_package/build
creating /home/miche658/CSCI4551/project/build/maze_solver_package/build/lib
creating /home/miche658/CSCI4551/project/build/maze_solver_package/build/lib/maze_solver_package
copying maze_solver_package/__init__.py -> /home/miche658/CSCI4551/project/build/maze_solver_package/build/lib/maze_solver_package
copying maze_solver_package/maze_solver_node.py -> /home/miche658/CSCI4551/project/build/maze_solver_package/build/lib/maze_solver_package
running install
running install_lib
creating /home/miche658/CSCI4551/project/install/maze_solver_package/lib/python3.12/site-packages/maze_solver_package
copying /home/miche658/CSCI4551/project/build/maze_solver_package/build/lib/maze_solver_package/__init__.py -> /home/miche658/CSCI4551/project/install/maze_solver_package/lib/python3.12/site-packages/maze_solver_package
copying /home/miche658/CSCI4551/project/build/maze_solver_package/build/lib/maze_solver_package/maze_solver_node.py -> /home/miche658/CSCI4551/project/install/maze_solver_package/lib/python3.12/site-packages/maze_solver_package
byte-compiling /home/miche658/CSCI4551/project/install/maze_solver_package/lib/python3.12/site-packages/maze_solver_package/__init__.py to __init__.cpython-312.pyc
byte-compiling /home/miche658/CSCI4551/project/install/maze_solver_package/lib/python3.12/site-packages/maze_solver_package/maze_solver_node.py to maze_solver_node.cpython-312.pyc
running install_data
creating /home/miche658/CSCI4551/project/install/maze_solver_package/share/ament_index
creating /home/miche658/CSCI4551/project/install/maze_solver_package/share/ament_index/resource_index
creating /home/miche658/CSCI4551/project/install/maze_solver_package/share/ament_index/resource_index/packages
copying resource/maze_solver_package -> /home/miche658/CSCI4551/project/install/maze_solver_package/share/ament_index/resource_index/packages
copying package.xml -> /home/miche658/CSCI4551/project/install/maze_solver_package/share/maze_solver_package
creating /home/miche658/CSCI4551/project/install/maze_solver_package/share/maze_solver_package/launch
copying launch/launch_file.py -> /home/miche658/CSCI4551/project/install/maze_solver_package/share/maze_solver_package/launch
creating /home/miche658/CSCI4551/project/install/maze_solver_package/share/maze_solver_package/videos
running install_egg_info
Copying ../../build/maze_solver_package/maze_solver_package.egg-info to /home/miche658/CSCI4551/project/install/maze_solver_package/lib/python3.12/site-packages/maze_solver_package-0.0.0-py3.12.egg-info
running install_scripts
Installing maze_solver_node script to /home/miche658/CSCI4551/project/install/maze_solver_package/lib/visual_ackermann_package
writing list of installed files to '/home/miche658/CSCI4551/project/build/maze_solver_package/install.log'
