[1.151s] Invoking command in '/home/miche658/CSCI4551/project/src/maze_solver_package': DEBUGINFOD_URLS=https://debuginfod.ubuntu.com PYTHONPATH=/home/miche658/CSCI4551/project/build/maze_solver_package/prefix_override:/usr/lib/python3/dist-packages/colcon_core/task/python/colcon_distutils_commands:/home/miche658/CSCI4551/project/install/maze_solver_package/lib/python3.12/site-packages:${PYTHONPATH} _=/usr/bin/env /usr/bin/python3 -W ignore:setup.py install is deprecated -W ignore:easy_install command is deprecated setup.py egg_info --egg-base ../../build/maze_solver_package build --build-base /home/miche658/CSCI4551/project/build/maze_solver_package/build install --record /home/miche658/CSCI4551/project/build/maze_solver_package/install.log --single-version-externally-managed install_data
[1.493s] running egg_info
[1.521s] writing ../../build/maze_solver_package/maze_solver_package.egg-info/PKG-INFO
[1.527s] writing dependency_links to ../../build/maze_solver_package/maze_solver_package.egg-info/dependency_links.txt
[1.531s] writing entry points to ../../build/maze_solver_package/maze_solver_package.egg-info/entry_points.txt
[1.537s] writing requirements to ../../build/maze_solver_package/maze_solver_package.egg-info/requires.txt
[1.540s] writing top-level names to ../../build/maze_solver_package/maze_solver_package.egg-info/top_level.txt
[1.662s] [2;36m[12/16/25 17:09:06][0m[2;36m [0m[1;31mERROR   [0m listing git files failed - pretending there aren't any                                                                ]8;id=7795;file:///usr/lib/python3/dist-packages/setuptools_scm/_file_finders/git.py\[2mgit.py[0m]8;;\[2m:[0m]8;id=516875;file:///usr/lib/python3/dist-packages/setuptools_scm/_file_finders/git.py#24\[2m24[0m]8;;\
[1.761s] reading manifest file '../../build/maze_solver_package/maze_solver_package.egg-info/SOURCES.txt'
[1.763s] adding license file 'LICENSE'
[1.764s] writing manifest file '../../build/maze_solver_package/maze_solver_package.egg-info/SOURCES.txt'
[1.767s] running build
[1.767s] running build_py
[1.771s] running install
[1.775s] running install_lib
[1.809s] running install_data
[1.812s] running install_egg_info
[1.838s] removing '/home/miche658/CSCI4551/project/install/maze_solver_package/lib/python3.12/site-packages/maze_solver_package-0.0.0-py3.12.egg-info' (and everything under it)
[1.853s] Copying ../../build/maze_solver_package/maze_solver_package.egg-info to /home/miche658/CSCI4551/project/install/maze_solver_package/lib/python3.12/site-packages/maze_solver_package-0.0.0-py3.12.egg-info
[1.915s] running install_scripts
[2.102s] Installing maze_solver_node script to /home/miche658/CSCI4551/project/install/maze_solver_package/lib/visual_ackermann_package
[2.107s] writing list of installed files to '/home/miche658/CSCI4551/project/build/maze_solver_package/install.log'
[2.134s] Invoked command in '/home/miche658/CSCI4551/project/src/maze_solver_package' returned '0': DEBUGINFOD_URLS=https://debuginfod.ubuntu.com PYTHONPATH=/home/miche658/CSCI4551/project/build/maze_solver_package/prefix_override:/usr/lib/python3/dist-packages/colcon_core/task/python/colcon_distutils_commands:/home/miche658/CSCI4551/project/install/maze_solver_package/lib/python3.12/site-packages:${PYTHONPATH} _=/usr/bin/env /usr/bin/python3 -W ignore:setup.py install is deprecated -W ignore:easy_install command is deprecated setup.py egg_info --egg-base ../../build/maze_solver_package build --build-base /home/miche658/CSCI4551/project/build/maze_solver_package/build install --record /home/miche658/CSCI4551/project/build/maze_solver_package/install.log --single-version-externally-managed install_data
