[0.099s] DEBUG:colcon:Command line arguments: ['/usr/bin/colcon', 'build']
[0.099s] DEBUG:colcon:Parsed command line arguments: Namespace(log_base=None, log_level=None, verb_name='build', build_base='build', install_base='install', merge_install=False, symlink_install=False, test_result_base=None, continue_on_error=False, executor='parallel', parallel_workers=16, event_handlers=None, ignore_user_meta=False, metas=['./colcon.meta'], base_paths=['.'], packages_ignore=None, packages_ignore_regex=None, paths=None, packages_up_to=None, packages_up_to_regex=None, packages_above=None, packages_above_and_dependencies=None, packages_above_depth=None, packages_select_by_dep=None, packages_skip_by_dep=None, packages_skip_up_to=None, packages_select_build_failed=False, packages_skip_build_finished=False, packages_select_test_failures=False, packages_skip_test_passed=False, packages_select=None, packages_skip=None, packages_select_regex=None, packages_skip_regex=None, packages_start=None, packages_end=None, allow_overriding=[], cmake_args=None, cmake_target=None, cmake_target_skip_unavailable=False, cmake_clean_cache=False, cmake_clean_first=False, cmake_force_configure=False, ament_cmake_args=None, catkin_cmake_args=None, catkin_skip_building_tests=False, verb_parser=<colcon_defaults.argument_parser.defaults.DefaultArgumentsDecorator object at 0x7ada9d23cbc0>, verb_extension=<colcon_core.verb.build.BuildVerb object at 0x7ada9d23c8f0>, main=<bound method BuildVerb.main of <colcon_core.verb.build.BuildVerb object at 0x7ada9d23c8f0>>)
[0.128s] Level 1:colcon.colcon_core.package_discovery:discover_packages(colcon_meta) check parameters
[0.128s] Level 1:colcon.colcon_core.package_discovery:discover_packages(recursive) check parameters
[0.128s] Level 1:colcon.colcon_core.package_discovery:discover_packages(ignore) check parameters
[0.128s] Level 1:colcon.colcon_core.package_discovery:discover_packages(path) check parameters
[0.128s] Level 1:colcon.colcon_core.package_discovery:discover_packages(colcon_meta) discover
[0.128s] Level 1:colcon.colcon_core.package_discovery:discover_packages(recursive) discover
[0.128s] INFO:colcon.colcon_core.package_discovery:Crawling recursively for packages in '/home/miche658/CSCI4551/project'
[0.129s] Level 1:colcon.colcon_core.package_identification:_identify(.) by extensions ['ignore', 'ignore_ament_install']
[0.129s] Level 1:colcon.colcon_core.package_identification:_identify(.) by extension 'ignore'
[0.129s] Level 1:colcon.colcon_core.package_identification:_identify(.) by extension 'ignore_ament_install'
[0.129s] Level 1:colcon.colcon_core.package_identification:_identify(.) by extensions ['colcon_pkg']
[0.129s] Level 1:colcon.colcon_core.package_identification:_identify(.) by extension 'colcon_pkg'
[0.129s] Level 1:colcon.colcon_core.package_identification:_identify(.) by extensions ['colcon_meta']
[0.129s] Level 1:colcon.colcon_core.package_identification:_identify(.) by extension 'colcon_meta'
[0.129s] Level 1:colcon.colcon_core.package_identification:_identify(.) by extensions ['ros']
[0.129s] Level 1:colcon.colcon_core.package_identification:_identify(.) by extension 'ros'
[0.144s] Level 1:colcon.colcon_core.package_identification:_identify(.) by extensions ['cmake', 'python']
[0.145s] Level 1:colcon.colcon_core.package_identification:_identify(.) by extension 'cmake'
[0.145s] Level 1:colcon.colcon_core.package_identification:_identify(.) by extension 'python'
[0.145s] Level 1:colcon.colcon_core.package_identification:_identify(.) by extensions ['python_setup_py']
[0.145s] Level 1:colcon.colcon_core.package_identification:_identify(.) by extension 'python_setup_py'
[0.145s] Level 1:colcon.colcon_core.package_identification:_identify(build) by extensions ['ignore', 'ignore_ament_install']
[0.145s] Level 1:colcon.colcon_core.package_identification:_identify(build) by extension 'ignore'
[0.145s] Level 1:colcon.colcon_core.package_identification:_identify(build) ignored
[0.146s] Level 1:colcon.colcon_core.package_identification:_identify(install) by extensions ['ignore', 'ignore_ament_install']
[0.146s] Level 1:colcon.colcon_core.package_identification:_identify(install) by extension 'ignore'
[0.146s] Level 1:colcon.colcon_core.package_identification:_identify(install) ignored
[0.148s] Level 1:colcon.colcon_core.package_identification:_identify(log) by extensions ['ignore', 'ignore_ament_install']
[0.148s] Level 1:colcon.colcon_core.package_identification:_identify(log) by extension 'ignore'
[0.148s] Level 1:colcon.colcon_core.package_identification:_identify(log) ignored
[0.148s] Level 1:colcon.colcon_core.package_identification:_identify(src) by extensions ['ignore', 'ignore_ament_install']
[0.148s] Level 1:colcon.colcon_core.package_identification:_identify(src) by extension 'ignore'
[0.148s] Level 1:colcon.colcon_core.package_identification:_identify(src) by extension 'ignore_ament_install'
[0.148s] Level 1:colcon.colcon_core.package_identification:_identify(src) by extensions ['colcon_pkg']
[0.149s] Level 1:colcon.colcon_core.package_identification:_identify(src) by extension 'colcon_pkg'
[0.149s] Level 1:colcon.colcon_core.package_identification:_identify(src) by extensions ['colcon_meta']
[0.149s] Level 1:colcon.colcon_core.package_identification:_identify(src) by extension 'colcon_meta'
[0.149s] Level 1:colcon.colcon_core.package_identification:_identify(src) by extensions ['ros']
[0.149s] Level 1:colcon.colcon_core.package_identification:_identify(src) by extension 'ros'
[0.149s] Level 1:colcon.colcon_core.package_identification:_identify(src) by extensions ['cmake', 'python']
[0.149s] Level 1:colcon.colcon_core.package_identification:_identify(src) by extension 'cmake'
[0.149s] Level 1:colcon.colcon_core.package_identification:_identify(src) by extension 'python'
[0.149s] Level 1:colcon.colcon_core.package_identification:_identify(src) by extensions ['python_setup_py']
[0.149s] Level 1:colcon.colcon_core.package_identification:_identify(src) by extension 'python_setup_py'
[0.149s] Level 1:colcon.colcon_core.package_identification:_identify(src/maze_bringup_package) by extensions ['ignore', 'ignore_ament_install']
[0.149s] Level 1:colcon.colcon_core.package_identification:_identify(src/maze_bringup_package) by extension 'ignore'
[0.149s] Level 1:colcon.colcon_core.package_identification:_identify(src/maze_bringup_package) by extension 'ignore_ament_install'
[0.149s] Level 1:colcon.colcon_core.package_identification:_identify(src/maze_bringup_package) by extensions ['colcon_pkg']
[0.149s] Level 1:colcon.colcon_core.package_identification:_identify(src/maze_bringup_package) by extension 'colcon_pkg'
[0.149s] Level 1:colcon.colcon_core.package_identification:_identify(src/maze_bringup_package) by extensions ['colcon_meta']
[0.149s] Level 1:colcon.colcon_core.package_identification:_identify(src/maze_bringup_package) by extension 'colcon_meta'
[0.150s] Level 1:colcon.colcon_core.package_identification:_identify(src/maze_bringup_package) by extensions ['ros']
[0.150s] Level 1:colcon.colcon_core.package_identification:_identify(src/maze_bringup_package) by extension 'ros'
[0.152s] DEBUG:colcon.colcon_core.package_identification:Package 'src/maze_bringup_package' with type 'ros.catkin' and name 'maze_bringup_package'
[0.153s] Level 1:colcon.colcon_core.package_identification:_identify(src/maze_solver_package) by extensions ['ignore', 'ignore_ament_install']
[0.153s] Level 1:colcon.colcon_core.package_identification:_identify(src/maze_solver_package) by extension 'ignore'
[0.153s] Level 1:colcon.colcon_core.package_identification:_identify(src/maze_solver_package) by extension 'ignore_ament_install'
[0.153s] Level 1:colcon.colcon_core.package_identification:_identify(src/maze_solver_package) by extensions ['colcon_pkg']
[0.153s] Level 1:colcon.colcon_core.package_identification:_identify(src/maze_solver_package) by extension 'colcon_pkg'
[0.153s] Level 1:colcon.colcon_core.package_identification:_identify(src/maze_solver_package) by extensions ['colcon_meta']
[0.153s] Level 1:colcon.colcon_core.package_identification:_identify(src/maze_solver_package) by extension 'colcon_meta'
[0.153s] Level 1:colcon.colcon_core.package_identification:_identify(src/maze_solver_package) by extensions ['ros']
[0.153s] Level 1:colcon.colcon_core.package_identification:_identify(src/maze_solver_package) by extension 'ros'
[0.155s] DEBUG:colcon.colcon_core.package_identification:Package 'src/maze_solver_package' with type 'ros.ament_python' and name 'maze_solver_package'
[0.155s] Level 1:colcon.colcon_core.package_discovery:discover_packages(recursive) using defaults
[0.155s] Level 1:colcon.colcon_core.package_discovery:discover_packages(ignore) discover
[0.155s] Level 1:colcon.colcon_core.package_discovery:discover_packages(ignore) using defaults
[0.155s] Level 1:colcon.colcon_core.package_discovery:discover_packages(path) discover
[0.155s] Level 1:colcon.colcon_core.package_discovery:discover_packages(path) using defaults
[0.169s] Level 1:colcon.colcon_core.package_discovery:discover_packages(prefix_path) check parameters
[0.169s] Level 1:colcon.colcon_core.package_discovery:discover_packages(prefix_path) discover
[0.185s] DEBUG:colcon.colcon_installed_package_information.package_discovery:Found 2 installed packages in /home/miche658/CSCI4551/project/install
[0.187s] DEBUG:colcon.colcon_installed_package_information.package_discovery:Found 547 installed packages in /opt/ros/jazzy
[0.188s] Level 1:colcon.colcon_core.package_discovery:discover_packages(prefix_path) using defaults
[0.242s] Level 5:colcon.colcon_core.verb:set package 'maze_bringup_package' build argument 'cmake_args' from command line to 'None'
[0.242s] Level 5:colcon.colcon_core.verb:set package 'maze_bringup_package' build argument 'cmake_target' from command line to 'None'
[0.242s] Level 5:colcon.colcon_core.verb:set package 'maze_bringup_package' build argument 'cmake_target_skip_unavailable' from command line to 'False'
[0.242s] Level 5:colcon.colcon_core.verb:set package 'maze_bringup_package' build argument 'cmake_clean_cache' from command line to 'False'
[0.242s] Level 5:colcon.colcon_core.verb:set package 'maze_bringup_package' build argument 'cmake_clean_first' from command line to 'False'
[0.242s] Level 5:colcon.colcon_core.verb:set package 'maze_bringup_package' build argument 'cmake_force_configure' from command line to 'False'
[0.242s] Level 5:colcon.colcon_core.verb:set package 'maze_bringup_package' build argument 'ament_cmake_args' from command line to 'None'
[0.242s] Level 5:colcon.colcon_core.verb:set package 'maze_bringup_package' build argument 'catkin_cmake_args' from command line to 'None'
[0.242s] Level 5:colcon.colcon_core.verb:set package 'maze_bringup_package' build argument 'catkin_skip_building_tests' from command line to 'False'
[0.242s] DEBUG:colcon.colcon_core.verb:Building package 'maze_bringup_package' with the following arguments: {'ament_cmake_args': None, 'build_base': '/home/miche658/CSCI4551/project/build/maze_bringup_package', 'catkin_cmake_args': None, 'catkin_skip_building_tests': False, 'cmake_args': None, 'cmake_clean_cache': False, 'cmake_clean_first': False, 'cmake_force_configure': False, 'cmake_target': None, 'cmake_target_skip_unavailable': False, 'install_base': '/home/miche658/CSCI4551/project/install/maze_bringup_package', 'merge_install': False, 'path': '/home/miche658/CSCI4551/project/src/maze_bringup_package', 'symlink_install': False, 'test_result_base': None}
[0.242s] Level 5:colcon.colcon_core.verb:set package 'maze_solver_package' build argument 'cmake_args' from command line to 'None'
[0.242s] Level 5:colcon.colcon_core.verb:set package 'maze_solver_package' build argument 'cmake_target' from command line to 'None'
[0.242s] Level 5:colcon.colcon_core.verb:set package 'maze_solver_package' build argument 'cmake_target_skip_unavailable' from command line to 'False'
[0.242s] Level 5:colcon.colcon_core.verb:set package 'maze_solver_package' build argument 'cmake_clean_cache' from command line to 'False'
[0.242s] Level 5:colcon.colcon_core.verb:set package 'maze_solver_package' build argument 'cmake_clean_first' from command line to 'False'
[0.242s] Level 5:colcon.colcon_core.verb:set package 'maze_solver_package' build argument 'cmake_force_configure' from command line to 'False'
[0.242s] Level 5:colcon.colcon_core.verb:set package 'maze_solver_package' build argument 'ament_cmake_args' from command line to 'None'
[0.242s] Level 5:colcon.colcon_core.verb:set package 'maze_solver_package' build argument 'catkin_cmake_args' from command line to 'None'
[0.242s] Level 5:colcon.colcon_core.verb:set package 'maze_solver_package' build argument 'catkin_skip_building_tests' from command line to 'False'
[0.242s] DEBUG:colcon.colcon_core.verb:Building package 'maze_solver_package' with the following arguments: {'ament_cmake_args': None, 'build_base': '/home/miche658/CSCI4551/project/build/maze_solver_package', 'catkin_cmake_args': None, 'catkin_skip_building_tests': False, 'cmake_args': None, 'cmake_clean_cache': False, 'cmake_clean_first': False, 'cmake_force_configure': False, 'cmake_target': None, 'cmake_target_skip_unavailable': False, 'install_base': '/home/miche658/CSCI4551/project/install/maze_solver_package', 'merge_install': False, 'path': '/home/miche658/CSCI4551/project/src/maze_solver_package', 'symlink_install': False, 'test_result_base': None}
[0.242s] INFO:colcon.colcon_core.executor:Executing jobs using 'parallel' executor
[0.243s] DEBUG:colcon.colcon_parallel_executor.executor.parallel:run_until_complete
[0.243s] INFO:colcon.colcon_ros.task.catkin.build:Building ROS package in '/home/miche658/CSCI4551/project/src/maze_bringup_package' with build type 'catkin'
[0.243s] INFO:colcon.colcon_cmake.task.cmake.build:Building CMake package in '/home/miche658/CSCI4551/project/src/maze_bringup_package'
[0.244s] INFO:colcon.colcon_core.plugin_system:Skipping extension 'colcon_core.shell.bat': Not used on non-Windows systems
[0.244s] INFO:colcon.colcon_core.shell:Skip shell extension 'powershell' for command environment: Not usable outside of PowerShell
[0.244s] DEBUG:colcon.colcon_core.shell:Skip shell extension 'dsv' for command environment
[0.263s] INFO:colcon.colcon_ros.task.ament_python.build:Building ROS package in '/home/miche658/CSCI4551/project/src/maze_solver_package' with build type 'ament_python'
[0.263s] Level 1:colcon.colcon_core.shell:create_environment_hook('maze_solver_package', 'ament_prefix_path')
[0.263s] INFO:colcon.colcon_core.shell:Creating environment hook '/home/miche658/CSCI4551/project/install/maze_solver_package/share/maze_solver_package/hook/ament_prefix_path.ps1'
[0.270s] INFO:colcon.colcon_core.shell:Creating environment descriptor '/home/miche658/CSCI4551/project/install/maze_solver_package/share/maze_solver_package/hook/ament_prefix_path.dsv'
[0.274s] INFO:colcon.colcon_core.shell:Creating environment hook '/home/miche658/CSCI4551/project/install/maze_solver_package/share/maze_solver_package/hook/ament_prefix_path.sh'
[0.279s] INFO:colcon.colcon_core.shell:Skip shell extension 'powershell' for command environment: Not usable outside of PowerShell
[0.279s] DEBUG:colcon.colcon_core.shell:Skip shell extension 'dsv' for command environment
[0.315s] DEBUG:colcon.colcon_core.event_handler.log_command:Invoking command in '/home/miche658/CSCI4551/project/build/maze_bringup_package': DEBUGINFOD_URLS=https://debuginfod.ubuntu.com _=/usr/bin/env /usr/bin/cmake --build /home/miche658/CSCI4551/project/build/maze_bringup_package -- -j16 -l16
[0.581s] INFO:colcon.colcon_core.task.python.build:Building Python package in '/home/miche658/CSCI4551/project/src/maze_solver_package'
[0.581s] INFO:colcon.colcon_core.shell:Skip shell extension 'powershell' for command environment: Not usable outside of PowerShell
[0.581s] DEBUG:colcon.colcon_core.shell:Skip shell extension 'dsv' for command environment
[0.597s] DEBUG:colcon.colcon_core.event_handler.log_command:Invoked command in '/home/miche658/CSCI4551/project/build/maze_bringup_package' returned '0': DEBUGINFOD_URLS=https://debuginfod.ubuntu.com _=/usr/bin/env /usr/bin/cmake --build /home/miche658/CSCI4551/project/build/maze_bringup_package -- -j16 -l16
[0.622s] DEBUG:colcon.colcon_core.event_handler.log_command:Invoking command in '/home/miche658/CSCI4551/project/build/maze_bringup_package': DEBUGINFOD_URLS=https://debuginfod.ubuntu.com _=/usr/bin/env /usr/bin/cmake --install /home/miche658/CSCI4551/project/build/maze_bringup_package
[0.678s] DEBUG:colcon.colcon_core.event_handler.log_command:Invoked command in '/home/miche658/CSCI4551/project/build/maze_bringup_package' returned '0': DEBUGINFOD_URLS=https://debuginfod.ubuntu.com _=/usr/bin/env /usr/bin/cmake --install /home/miche658/CSCI4551/project/build/maze_bringup_package
[0.681s] Level 1:colcon.colcon_core.shell:create_environment_hook('maze_bringup_package', 'ros_package_path')
[0.682s] INFO:colcon.colcon_core.shell:Creating environment hook '/home/miche658/CSCI4551/project/install/maze_bringup_package/share/maze_bringup_package/hook/ros_package_path.ps1'
[0.686s] INFO:colcon.colcon_core.shell:Creating environment descriptor '/home/miche658/CSCI4551/project/install/maze_bringup_package/share/maze_bringup_package/hook/ros_package_path.dsv'
[0.691s] INFO:colcon.colcon_core.shell:Creating environment hook '/home/miche658/CSCI4551/project/install/maze_bringup_package/share/maze_bringup_package/hook/ros_package_path.sh'
[0.697s] Level 1:colcon.colcon_core.shell:create_environment_hook('maze_bringup_package', 'pkg_config_path')
[0.697s] INFO:colcon.colcon_core.shell:Creating environment hook '/home/miche658/CSCI4551/project/install/maze_bringup_package/share/maze_bringup_package/hook/pkg_config_path.ps1'
[0.702s] INFO:colcon.colcon_core.shell:Creating environment descriptor '/home/miche658/CSCI4551/project/install/maze_bringup_package/share/maze_bringup_package/hook/pkg_config_path.dsv'
[0.705s] INFO:colcon.colcon_core.shell:Creating environment hook '/home/miche658/CSCI4551/project/install/maze_bringup_package/share/maze_bringup_package/hook/pkg_config_path.sh'
[0.720s] Level 1:colcon.colcon_core.shell:create_environment_hook('maze_bringup_package', 'pkg_config_path_multiarch')
[0.720s] INFO:colcon.colcon_core.shell:Creating environment hook '/home/miche658/CSCI4551/project/install/maze_bringup_package/share/maze_bringup_package/hook/pkg_config_path_multiarch.ps1'
[0.725s] INFO:colcon.colcon_core.shell:Creating environment descriptor '/home/miche658/CSCI4551/project/install/maze_bringup_package/share/maze_bringup_package/hook/pkg_config_path_multiarch.dsv'
[0.729s] INFO:colcon.colcon_core.shell:Creating environment hook '/home/miche658/CSCI4551/project/install/maze_bringup_package/share/maze_bringup_package/hook/pkg_config_path_multiarch.sh'
[0.735s] Level 1:colcon.colcon_core.environment:create_environment_scripts_only(maze_bringup_package)
[0.736s] Level 1:colcon.colcon_core.environment:checking '/home/miche658/CSCI4551/project/install/maze_bringup_package' for CMake module files
[0.739s] Level 1:colcon.colcon_core.environment:checking '/home/miche658/CSCI4551/project/install/maze_bringup_package' for CMake config files
[0.743s] Level 1:colcon.colcon_core.shell:create_environment_hook('maze_bringup_package', 'cmake_prefix_path')
[0.743s] INFO:colcon.colcon_core.shell:Creating environment hook '/home/miche658/CSCI4551/project/install/maze_bringup_package/share/maze_bringup_package/hook/cmake_prefix_path.ps1'
[0.747s] INFO:colcon.colcon_core.shell:Creating environment descriptor '/home/miche658/CSCI4551/project/install/maze_bringup_package/share/maze_bringup_package/hook/cmake_prefix_path.dsv'
[0.752s] INFO:colcon.colcon_core.shell:Creating environment hook '/home/miche658/CSCI4551/project/install/maze_bringup_package/share/maze_bringup_package/hook/cmake_prefix_path.sh'
[0.757s] Level 1:colcon.colcon_core.environment:checking '/home/miche658/CSCI4551/project/install/maze_bringup_package/bin'
[0.757s] Level 1:colcon.colcon_core.environment:checking '/home/miche658/CSCI4551/project/install/maze_bringup_package/lib/pkgconfig/maze_bringup_package.pc'
[0.757s] Level 1:colcon.colcon_core.environment:checking '/home/miche658/CSCI4551/project/install/maze_bringup_package/lib/python3.12/site-packages'
[0.757s] Level 1:colcon.colcon_core.environment:checking '/home/miche658/CSCI4551/project/install/maze_bringup_package/bin'
[0.758s] INFO:colcon.colcon_core.shell:Creating package script '/home/miche658/CSCI4551/project/install/maze_bringup_package/share/maze_bringup_package/package.ps1'
[0.763s] INFO:colcon.colcon_core.shell:Creating package descriptor '/home/miche658/CSCI4551/project/install/maze_bringup_package/share/maze_bringup_package/package.dsv'
[0.767s] INFO:colcon.colcon_core.shell:Creating package script '/home/miche658/CSCI4551/project/install/maze_bringup_package/share/maze_bringup_package/package.sh'
[0.772s] INFO:colcon.colcon_core.shell:Creating package script '/home/miche658/CSCI4551/project/install/maze_bringup_package/share/maze_bringup_package/package.bash'
[0.776s] INFO:colcon.colcon_core.shell:Creating package script '/home/miche658/CSCI4551/project/install/maze_bringup_package/share/maze_bringup_package/package.zsh'
[0.783s] Level 1:colcon.colcon_core.environment:create_file_with_runtime_dependencies(/home/miche658/CSCI4551/project/install/maze_bringup_package/share/colcon-core/packages/maze_bringup_package)
[1.405s] DEBUG:colcon.colcon_core.event_handler.log_command:Invoking command in '/home/miche658/CSCI4551/project/src/maze_solver_package': DEBUGINFOD_URLS=https://debuginfod.ubuntu.com PYTHONPATH=/home/miche658/CSCI4551/project/build/maze_solver_package/prefix_override:/usr/lib/python3/dist-packages/colcon_core/task/python/colcon_distutils_commands:/home/miche658/CSCI4551/project/install/maze_solver_package/lib/python3.12/site-packages:${PYTHONPATH} _=/usr/bin/env /usr/bin/python3 -W ignore:setup.py install is deprecated -W ignore:easy_install command is deprecated setup.py egg_info --egg-base ../../build/maze_solver_package build --build-base /home/miche658/CSCI4551/project/build/maze_solver_package/build install --record /home/miche658/CSCI4551/project/build/maze_solver_package/install.log --single-version-externally-managed install_data
[2.381s] Level 1:colcon.colcon_core.environment:checking '/home/miche658/CSCI4551/project/install/maze_solver_package' for CMake module files
[2.381s] DEBUG:colcon.colcon_core.event_handler.log_command:Invoked command in '/home/miche658/CSCI4551/project/src/maze_solver_package' returned '0': DEBUGINFOD_URLS=https://debuginfod.ubuntu.com PYTHONPATH=/home/miche658/CSCI4551/project/build/maze_solver_package/prefix_override:/usr/lib/python3/dist-packages/colcon_core/task/python/colcon_distutils_commands:/home/miche658/CSCI4551/project/install/maze_solver_package/lib/python3.12/site-packages:${PYTHONPATH} _=/usr/bin/env /usr/bin/python3 -W ignore:setup.py install is deprecated -W ignore:easy_install command is deprecated setup.py egg_info --egg-base ../../build/maze_solver_package build --build-base /home/miche658/CSCI4551/project/build/maze_solver_package/build install --record /home/miche658/CSCI4551/project/build/maze_solver_package/install.log --single-version-externally-managed install_data
[2.385s] Level 1:colcon.colcon_core.environment:checking '/home/miche658/CSCI4551/project/install/maze_solver_package' for CMake config files
[2.395s] Level 1:colcon.colcon_core.environment:checking '/home/miche658/CSCI4551/project/install/maze_solver_package/lib'
[2.396s] Level 1:colcon.colcon_core.environment:checking '/home/miche658/CSCI4551/project/install/maze_solver_package/bin'
[2.396s] Level 1:colcon.colcon_core.environment:checking '/home/miche658/CSCI4551/project/install/maze_solver_package/lib/pkgconfig/maze_solver_package.pc'
[2.396s] Level 1:colcon.colcon_core.environment:checking '/home/miche658/CSCI4551/project/install/maze_solver_package/lib/python3.12/site-packages'
[2.396s] Level 1:colcon.colcon_core.shell:create_environment_hook('maze_solver_package', 'pythonpath')
[2.396s] INFO:colcon.colcon_core.shell:Creating environment hook '/home/miche658/CSCI4551/project/install/maze_solver_package/share/maze_solver_package/hook/pythonpath.ps1'
[2.401s] INFO:colcon.colcon_core.shell:Creating environment descriptor '/home/miche658/CSCI4551/project/install/maze_solver_package/share/maze_solver_package/hook/pythonpath.dsv'
[2.405s] INFO:colcon.colcon_core.shell:Creating environment hook '/home/miche658/CSCI4551/project/install/maze_solver_package/share/maze_solver_package/hook/pythonpath.sh'
[2.410s] Level 1:colcon.colcon_core.environment:checking '/home/miche658/CSCI4551/project/install/maze_solver_package/bin'
[2.410s] Level 1:colcon.colcon_core.environment:create_environment_scripts_only(maze_solver_package)
[2.410s] INFO:colcon.colcon_core.shell:Creating package script '/home/miche658/CSCI4551/project/install/maze_solver_package/share/maze_solver_package/package.ps1'
[2.414s] INFO:colcon.colcon_core.shell:Creating package descriptor '/home/miche658/CSCI4551/project/install/maze_solver_package/share/maze_solver_package/package.dsv'
[2.418s] INFO:colcon.colcon_core.shell:Creating package script '/home/miche658/CSCI4551/project/install/maze_solver_package/share/maze_solver_package/package.sh'
[2.424s] INFO:colcon.colcon_core.shell:Creating package script '/home/miche658/CSCI4551/project/install/maze_solver_package/share/maze_solver_package/package.bash'
[2.427s] INFO:colcon.colcon_core.shell:Creating package script '/home/miche658/CSCI4551/project/install/maze_solver_package/share/maze_solver_package/package.zsh'
[2.431s] Level 1:colcon.colcon_core.environment:create_file_with_runtime_dependencies(/home/miche658/CSCI4551/project/install/maze_solver_package/share/colcon-core/packages/maze_solver_package)
[2.433s] DEBUG:colcon.colcon_parallel_executor.executor.parallel:closing loop
[2.433s] DEBUG:colcon.colcon_parallel_executor.executor.parallel:loop closed
[2.433s] DEBUG:colcon.colcon_parallel_executor.executor.parallel:run_until_complete finished with '0'
[2.433s] DEBUG:colcon.colcon_core.event_reactor:joining thread
[2.453s] INFO:colcon.colcon_core.plugin_system:Skipping extension 'colcon_notification.desktop_notification.terminal_notifier': Not used on non-Darwin systems
[2.453s] INFO:colcon.colcon_core.plugin_system:Skipping extension 'colcon_notification.desktop_notification.win32': Not used on non-Windows systems
[2.453s] INFO:colcon.colcon_notification.desktop_notification:Sending desktop notification using 'notify2'
[2.462s] DEBUG:colcon.colcon_core.event_reactor:joined thread
[2.463s] INFO:colcon.colcon_core.shell:Creating prefix script '/home/miche658/CSCI4551/project/install/local_setup.ps1'
[2.467s] INFO:colcon.colcon_core.shell:Creating prefix util module '/home/miche658/CSCI4551/project/install/_local_setup_util_ps1.py'
[2.472s] INFO:colcon.colcon_core.shell:Creating prefix chain script '/home/miche658/CSCI4551/project/install/setup.ps1'
[2.481s] INFO:colcon.colcon_core.shell:Creating prefix script '/home/miche658/CSCI4551/project/install/local_setup.sh'
[2.485s] INFO:colcon.colcon_core.shell:Creating prefix util module '/home/miche658/CSCI4551/project/install/_local_setup_util_sh.py'
[2.489s] INFO:colcon.colcon_core.shell:Creating prefix chain script '/home/miche658/CSCI4551/project/install/setup.sh'
[2.497s] INFO:colcon.colcon_core.shell:Creating prefix script '/home/miche658/CSCI4551/project/install/local_setup.bash'
[2.501s] INFO:colcon.colcon_core.shell:Creating prefix chain script '/home/miche658/CSCI4551/project/install/setup.bash'
[2.510s] INFO:colcon.colcon_core.shell:Creating prefix script '/home/miche658/CSCI4551/project/install/local_setup.zsh'
[2.514s] INFO:colcon.colcon_core.shell:Creating prefix chain script '/home/miche658/CSCI4551/project/install/setup.zsh'
