[0.083s] Invoking command in '/home/miche658/CSCI4551/project/build/maze_bringup_package': DEBUGINFOD_URLS=https://debuginfod.ubuntu.com _=/usr/bin/env /usr/bin/cmake /home/miche658/CSCI4551/project/src/maze_bringup_package -DCATKIN_INSTALL_INTO_PREFIX_ROOT=0 -DCMAKE_INSTALL_PREFIX=/home/miche658/CSCI4551/project/install/maze_bringup_package
[0.230s] -- The C compiler identification is GNU 13.3.0
[0.344s] -- The CXX compiler identification is GNU 13.3.0
[0.383s] -- Detecting C compiler ABI info
[0.760s] -- Detecting C compiler ABI info - done
[0.770s] -- Check for working C compiler: /usr/bin/cc - skipped
[0.770s] -- Detecting C compile features
[0.770s] -- Detecting C compile features - done
[0.800s] -- Detecting CXX compiler ABI info
[1.180s] -- Detecting CXX compiler ABI info - done
[1.190s] -- Check for working CXX compiler: /usr/bin/c++ - skipped
[1.190s] -- Detecting CXX compile features
[1.190s] -- Detecting CXX compile features - done
[1.233s] -- Found ament_cmake: 2.5.4 (/opt/ros/jazzy/share/ament_cmake/cmake)
[1.421s] -- Found Python3: /usr/bin/python3 (found version "3.12.3") found components: Interpreter 
[1.991s] -- Configuring done (1.9s)
[2.228s] -- Generating done (0.2s)
[2.260s] [33mCMake Warning:
[2.261s]   Manually-specified variables were not used by the project:
[2.261s] 
[2.261s]     CATKIN_INSTALL_INTO_PREFIX_ROOT
[2.261s] 
[2.261s] [0m
[2.324s] -- Build files have been written to: /home/miche658/CSCI4551/project/build/maze_bringup_package
[2.370s] Invoked command in '/home/miche658/CSCI4551/project/build/maze_bringup_package' returned '0': DEBUGINFOD_URLS=https://debuginfod.ubuntu.com _=/usr/bin/env /usr/bin/cmake /home/miche658/CSCI4551/project/src/maze_bringup_package -DCATKIN_INSTALL_INTO_PREFIX_ROOT=0 -DCMAKE_INSTALL_PREFIX=/home/miche658/CSCI4551/project/install/maze_bringup_package
[2.371s] Invoking command in '/home/miche658/CSCI4551/project/build/maze_bringup_package': DEBUGINFOD_URLS=https://debuginfod.ubuntu.com _=/usr/bin/env /usr/bin/cmake --build /home/miche658/CSCI4551/project/build/maze_bringup_package -- -j16 -l16
[2.452s] Invoked command in '/home/miche658/CSCI4551/project/build/maze_bringup_package' returned '0': DEBUGINFOD_URLS=https://debuginfod.ubuntu.com _=/usr/bin/env /usr/bin/cmake --build /home/miche658/CSCI4551/project/build/maze_bringup_package -- -j16 -l16
[2.500s] Invoking command in '/home/miche658/CSCI4551/project/build/maze_bringup_package': DEBUGINFOD_URLS=https://debuginfod.ubuntu.com _=/usr/bin/env /usr/bin/cmake --install /home/miche658/CSCI4551/project/build/maze_bringup_package
[2.516s] -- Install configuration: ""
[2.516s] -- Installing: /home/miche658/CSCI4551/project/install/maze_bringup_package/share/maze_bringup_package/launch
[2.526s] -- Installing: /home/miche658/CSCI4551/project/install/maze_bringup_package/share/maze_bringup_package/launch/single_robot_launch.py
[2.540s] -- Installing: /home/miche658/CSCI4551/project/install/maze_bringup_package/share/maze_bringup_package/worlds
[2.546s] -- Installing: /home/miche658/CSCI4551/project/install/maze_bringup_package/share/maze_bringup_package/worlds/maze.world
[2.566s] -- Installing: /home/miche658/CSCI4551/project/install/maze_bringup_package/share/ament_index/resource_index/package_run_dependencies/maze_bringup_package
[2.589s] -- Installing: /home/miche658/CSCI4551/project/install/maze_bringup_package/share/ament_index/resource_index/parent_prefix_path/maze_bringup_package
[2.608s] -- Installing: /home/miche658/CSCI4551/project/install/maze_bringup_package/share/maze_bringup_package/environment/ament_prefix_path.sh
[2.618s] -- Installing: /home/miche658/CSCI4551/project/install/maze_bringup_package/share/maze_bringup_package/environment/ament_prefix_path.dsv
[2.631s] -- Installing: /home/miche658/CSCI4551/project/install/maze_bringup_package/share/maze_bringup_package/environment/path.sh
[2.643s] -- Installing: /home/miche658/CSCI4551/project/install/maze_bringup_package/share/maze_bringup_package/environment/path.dsv
[2.657s] -- Installing: /home/miche658/CSCI4551/project/install/maze_bringup_package/share/maze_bringup_package/local_setup.bash
[2.669s] -- Installing: /home/miche658/CSCI4551/project/install/maze_bringup_package/share/maze_bringup_package/local_setup.sh
[2.683s] -- Installing: /home/miche658/CSCI4551/project/install/maze_bringup_package/share/maze_bringup_package/local_setup.zsh
[2.696s] -- Installing: /home/miche658/CSCI4551/project/install/maze_bringup_package/share/maze_bringup_package/local_setup.dsv
[2.711s] -- Installing: /home/miche658/CSCI4551/project/install/maze_bringup_package/share/maze_bringup_package/package.dsv
[2.729s] -- Installing: /home/miche658/CSCI4551/project/install/maze_bringup_package/share/ament_index/resource_index/packages/maze_bringup_package
[2.745s] -- Installing: /home/miche658/CSCI4551/project/install/maze_bringup_package/share/maze_bringup_package/cmake/maze_bringup_packageConfig.cmake
[2.760s] -- Installing: /home/miche658/CSCI4551/project/install/maze_bringup_package/share/maze_bringup_package/cmake/maze_bringup_packageConfig-version.cmake
[2.774s] -- Installing: /home/miche658/CSCI4551/project/install/maze_bringup_package/share/maze_bringup_package/package.xml
[2.791s] Invoked command in '/home/miche658/CSCI4551/project/build/maze_bringup_package' returned '0': DEBUGINFOD_URLS=https://debuginfod.ubuntu.com _=/usr/bin/env /usr/bin/cmake --install /home/miche658/CSCI4551/project/build/maze_bringup_package
