running egg_info
writing ../../build/maze_solver_package/maze_solver_package.egg-info/PKG-INFO
writing dependency_links to ../../build/maze_solver_package/maze_solver_package.egg-info/dependency_links.txt
writing entry points to ../../build/maze_solver_package/maze_solver_package.egg-info/entry_points.txt
writing requirements to ../../build/maze_solver_package/maze_solver_package.egg-info/requires.txt
writing top-level names to ../../build/maze_solver_package/maze_solver_package.egg-info/top_level.txt
[2;36m[12/16/25 17:16:23][0m[2;36m [0m[1;31mERROR   [0m listing git files failed - pretending there aren't any                                     ]8;id=422614;file:///usr/lib/python3/dist-packages/setuptools_scm/_file_finders/git.py\[2mgit.py[0m]8;;\[2m:[0m]8;id=4422;file:///usr/lib/python3/dist-packages/setuptools_scm/_file_finders/git.py#24\[2m24[0m]8;;\
reading manifest file '../../build/maze_solver_package/maze_solver_package.egg-info/SOURCES.txt'
adding license file 'LICENSE'
writing manifest file '../../build/maze_solver_package/maze_solver_package.egg-info/SOURCES.txt'
running build
running build_py
running install
running install_lib
running install_data
running install_egg_info
removing '/home/miche658/CSCI4551/project/install/maze_solver_package/lib/python3.12/site-packages/maze_solver_package-0.0.0-py3.12.egg-info' (and everything under it)
Copying ../../build/maze_solver_package/maze_solver_package.egg-info to /home/miche658/CSCI4551/project/install/maze_solver_package/lib/python3.12/site-packages/maze_solver_package-0.0.0-py3.12.egg-info
running install_scripts
Installing maze_solver_node script to /home/miche658/CSCI4551/project/install/maze_solver_package/lib/visual_ackermann_package
writing list of installed files to '/home/miche658/CSCI4551/project/build/maze_solver_package/install.log'
