[0.104s] DEBUG:colcon:Command line arguments: ['/usr/bin/colcon', 'build', '--event-handlers', 'console_direct+']
[0.104s] DEBUG:colcon:Parsed command line arguments: Namespace(log_base=None, log_level=None, verb_name='build', build_base='build', install_base='install', merge_install=False, symlink_install=False, test_result_base=None, continue_on_error=False, executor='parallel', parallel_workers=16, event_handlers=['console_direct+'], ignore_user_meta=False, metas=['./colcon.meta'], base_paths=['.'], packages_ignore=None, packages_ignore_regex=None, paths=None, packages_up_to=None, packages_up_to_regex=None, packages_above=None, packages_above_and_dependencies=None, packages_above_depth=None, packages_select_by_dep=None, packages_skip_by_dep=None, packages_skip_up_to=None, packages_select_build_failed=False, packages_skip_build_finished=False, packages_select_test_failures=False, packages_skip_test_passed=False, packages_select=None, packages_skip=None, packages_select_regex=None, packages_skip_regex=None, packages_start=None, packages_end=None, allow_overriding=[], cmake_args=None, cmake_target=None, cmake_target_skip_unavailable=False, cmake_clean_cache=False, cmake_clean_first=False, cmake_force_configure=False, ament_cmake_args=None, catkin_cmake_args=None, catkin_skip_building_tests=False, verb_parser=<colcon_defaults.argument_parser.defaults.DefaultArgumentsDecorator object at 0x7ac5e0dd9100>, verb_extension=<colcon_core.verb.build.BuildVerb object at 0x7ac5e0dd8e00>, main=<bound method BuildVerb.main of <colcon_core.verb.build.BuildVerb object at 0x7ac5e0dd8e00>>)
[0.146s] Level 1:colcon.colcon_core.package_discovery:discover_packages(colcon_meta) check parameters
[0.146s] Level 1:colcon.colcon_core.package_discovery:discover_packages(recursive) check parameters
[0.146s] Level 1:colcon.colcon_core.package_discovery:discover_packages(ignore) check parameters
[0.146s] Level 1:colcon.colcon_core.package_discovery:discover_packages(path) check parameters
[0.146s] Level 1:colcon.colcon_core.package_discovery:discover_packages(colcon_meta) discover
[0.146s] Level 1:colcon.colcon_core.package_discovery:discover_packages(recursive) discover
[0.146s] INFO:colcon.colcon_core.package_discovery:Crawling recursively for packages in '/home/miche658/CSCI4551/project'
[0.148s] Level 1:colcon.colcon_core.package_identification:_identify(.) by extensions ['ignore', 'ignore_ament_install']
[0.148s] Level 1:colcon.colcon_core.package_identification:_identify(.) by extension 'ignore'
[0.149s] Level 1:colcon.colcon_core.package_identification:_identify(.) by extension 'ignore_ament_install'
[0.150s] Level 1:colcon.colcon_core.package_identification:_identify(.) by extensions ['colcon_pkg']
[0.150s] Level 1:colcon.colcon_core.package_identification:_identify(.) by extension 'colcon_pkg'
[0.150s] Level 1:colcon.colcon_core.package_identification:_identify(.) by extensions ['colcon_meta']
[0.150s] Level 1:colcon.colcon_core.package_identification:_identify(.) by extension 'colcon_meta'
[0.150s] Level 1:colcon.colcon_core.package_identification:_identify(.) by extensions ['ros']
[0.150s] Level 1:colcon.colcon_core.package_identification:_identify(.) by extension 'ros'
[0.171s] Level 1:colcon.colcon_core.package_identification:_identify(.) by extensions ['cmake', 'python']
[0.171s] Level 1:colcon.colcon_core.package_identification:_identify(.) by extension 'cmake'
[0.171s] Level 1:colcon.colcon_core.package_identification:_identify(.) by extension 'python'
[0.172s] Level 1:colcon.colcon_core.package_identification:_identify(.) by extensions ['python_setup_py']
[0.172s] Level 1:colcon.colcon_core.package_identification:_identify(.) by extension 'python_setup_py'
[0.176s] Level 1:colcon.colcon_core.package_identification:_identify(build) by extensions ['ignore', 'ignore_ament_install']
[0.177s] Level 1:colcon.colcon_core.package_identification:_identify(build) by extension 'ignore'
[0.177s] Level 1:colcon.colcon_core.package_identification:_identify(build) ignored
[0.178s] Level 1:colcon.colcon_core.package_identification:_identify(install) by extensions ['ignore', 'ignore_ament_install']
[0.178s] Level 1:colcon.colcon_core.package_identification:_identify(install) by extension 'ignore'
[0.178s] Level 1:colcon.colcon_core.package_identification:_identify(install) ignored
[0.181s] Level 1:colcon.colcon_core.package_identification:_identify(log) by extensions ['ignore', 'ignore_ament_install']
[0.181s] Level 1:colcon.colcon_core.package_identification:_identify(log) by extension 'ignore'
[0.181s] Level 1:colcon.colcon_core.package_identification:_identify(log) ignored
[0.181s] Level 1:colcon.colcon_core.package_identification:_identify(src) by extensions ['ignore', 'ignore_ament_install']
[0.181s] Level 1:colcon.colcon_core.package_identification:_identify(src) by extension 'ignore'
[0.182s] Level 1:colcon.colcon_core.package_identification:_identify(src) by extension 'ignore_ament_install'
[0.182s] Level 1:colcon.colcon_core.package_identification:_identify(src) by extensions ['colcon_pkg']
[0.182s] Level 1:colcon.colcon_core.package_identification:_identify(src) by extension 'colcon_pkg'
[0.182s] Level 1:colcon.colcon_core.package_identification:_identify(src) by extensions ['colcon_meta']
[0.182s] Level 1:colcon.colcon_core.package_identification:_identify(src) by extension 'colcon_meta'
[0.182s] Level 1:colcon.colcon_core.package_identification:_identify(src) by extensions ['ros']
[0.182s] Level 1:colcon.colcon_core.package_identification:_identify(src) by extension 'ros'
[0.182s] Level 1:colcon.colcon_core.package_identification:_identify(src) by extensions ['cmake', 'python']
[0.182s] Level 1:colcon.colcon_core.package_identification:_identify(src) by extension 'cmake'
[0.182s] Level 1:colcon.colcon_core.package_identification:_identify(src) by extension 'python'
[0.182s] Level 1:colcon.colcon_core.package_identification:_identify(src) by extensions ['python_setup_py']
[0.182s] Level 1:colcon.colcon_core.package_identification:_identify(src) by extension 'python_setup_py'
[0.182s] Level 1:colcon.colcon_core.package_identification:_identify(src/maze_bringup_package) by extensions ['ignore', 'ignore_ament_install']
[0.182s] Level 1:colcon.colcon_core.package_identification:_identify(src/maze_bringup_package) by extension 'ignore'
[0.182s] Level 1:colcon.colcon_core.package_identification:_identify(src/maze_bringup_package) by extension 'ignore_ament_install'
[0.183s] Level 1:colcon.colcon_core.package_identification:_identify(src/maze_bringup_package) by extensions ['colcon_pkg']
[0.183s] Level 1:colcon.colcon_core.package_identification:_identify(src/maze_bringup_package) by extension 'colcon_pkg'
[0.183s] Level 1:colcon.colcon_core.package_identification:_identify(src/maze_bringup_package) by extensions ['colcon_meta']
[0.183s] Level 1:colcon.colcon_core.package_identification:_identify(src/maze_bringup_package) by extension 'colcon_meta'
[0.183s] Level 1:colcon.colcon_core.package_identification:_identify(src/maze_bringup_package) by extensions ['ros']
[0.183s] Level 1:colcon.colcon_core.package_identification:_identify(src/maze_bringup_package) by extension 'ros'
[0.186s] DEBUG:colcon.colcon_core.package_identification:Package 'src/maze_bringup_package' with type 'ros.catkin' and name 'maze_bringup_package'
[0.187s] Level 1:colcon.colcon_core.package_identification:_identify(src/maze_solver_package) by extensions ['ignore', 'ignore_ament_install']
[0.187s] Level 1:colcon.colcon_core.package_identification:_identify(src/maze_solver_package) by extension 'ignore'
[0.187s] Level 1:colcon.colcon_core.package_identification:_identify(src/maze_solver_package) by extension 'ignore_ament_install'
[0.187s] Level 1:colcon.colcon_core.package_identification:_identify(src/maze_solver_package) by extensions ['colcon_pkg']
[0.187s] Level 1:colcon.colcon_core.package_identification:_identify(src/maze_solver_package) by extension 'colcon_pkg'
[0.187s] Level 1:colcon.colcon_core.package_identification:_identify(src/maze_solver_package) by extensions ['colcon_meta']
[0.187s] Level 1:colcon.colcon_core.package_identification:_identify(src/maze_solver_package) by extension 'colcon_meta'
[0.187s] Level 1:colcon.colcon_core.package_identification:_identify(src/maze_solver_package) by extensions ['ros']
[0.187s] Level 1:colcon.colcon_core.package_identification:_identify(src/maze_solver_package) by extension 'ros'
[0.190s] DEBUG:colcon.colcon_core.package_identification:Package 'src/maze_solver_package' with type 'ros.ament_python' and name 'maze_solver_package'
[0.190s] Level 1:colcon.colcon_core.package_discovery:discover_packages(recursive) using defaults
[0.190s] Level 1:colcon.colcon_core.package_discovery:discover_packages(ignore) discover
[0.190s] Level 1:colcon.colcon_core.package_discovery:discover_packages(ignore) using defaults
[0.190s] Level 1:colcon.colcon_core.package_discovery:discover_packages(path) discover
[0.190s] Level 1:colcon.colcon_core.package_discovery:discover_packages(path) using defaults
[0.205s] Level 1:colcon.colcon_core.package_discovery:discover_packages(prefix_path) check parameters
[0.205s] Level 1:colcon.colcon_core.package_discovery:discover_packages(prefix_path) discover
[0.205s] WARNING:colcon.colcon_ros.prefix_path.ament:The path '/home/miche658/CSCI4551/project/install/maze_solver_package' in the environment variable AMENT_PREFIX_PATH doesn't exist
[0.205s] WARNING:colcon.colcon_ros.prefix_path.catkin:The path '/home/miche658/CSCI4551/project/install/maze_bringup_package' in the environment variable CMAKE_PREFIX_PATH doesn't exist
[0.209s] DEBUG:colcon.colcon_installed_package_information.package_discovery:Found 0 installed packages in /home/miche658/CSCI4551/project/install
[0.211s] DEBUG:colcon.colcon_installed_package_information.package_discovery:Found 547 installed packages in /opt/ros/jazzy
[0.212s] Level 1:colcon.colcon_core.package_discovery:discover_packages(prefix_path) using defaults
[0.262s] Level 5:colcon.colcon_core.verb:set package 'maze_bringup_package' build argument 'cmake_args' from command line to 'None'
[0.262s] Level 5:colcon.colcon_core.verb:set package 'maze_bringup_package' build argument 'cmake_target' from command line to 'None'
[0.262s] Level 5:colcon.colcon_core.verb:set package 'maze_bringup_package' build argument 'cmake_target_skip_unavailable' from command line to 'False'
[0.262s] Level 5:colcon.colcon_core.verb:set package 'maze_bringup_package' build argument 'cmake_clean_cache' from command line to 'False'
[0.262s] Level 5:colcon.colcon_core.verb:set package 'maze_bringup_package' build argument 'cmake_clean_first' from command line to 'False'
[0.263s] Level 5:colcon.colcon_core.verb:set package 'maze_bringup_package' build argument 'cmake_force_configure' from command line to 'False'
[0.263s] Level 5:colcon.colcon_core.verb:set package 'maze_bringup_package' build argument 'ament_cmake_args' from command line to 'None'
[0.263s] Level 5:colcon.colcon_core.verb:set package 'maze_bringup_package' build argument 'catkin_cmake_args' from command line to 'None'
[0.263s] Level 5:colcon.colcon_core.verb:set package 'maze_bringup_package' build argument 'catkin_skip_building_tests' from command line to 'False'
[0.263s] DEBUG:colcon.colcon_core.verb:Building package 'maze_bringup_package' with the following arguments: {'ament_cmake_args': None, 'build_base': '/home/miche658/CSCI4551/project/build/maze_bringup_package', 'catkin_cmake_args': None, 'catkin_skip_building_tests': False, 'cmake_args': None, 'cmake_clean_cache': False, 'cmake_clean_first': False, 'cmake_force_configure': False, 'cmake_target': None, 'cmake_target_skip_unavailable': False, 'install_base': '/home/miche658/CSCI4551/project/install/maze_bringup_package', 'merge_install': False, 'path': '/home/miche658/CSCI4551/project/src/maze_bringup_package', 'symlink_install': False, 'test_result_base': None}
[0.263s] Level 5:colcon.colcon_core.verb:set package 'maze_solver_package' build argument 'cmake_args' from command line to 'None'
[0.263s] Level 5:colcon.colcon_core.verb:set package 'maze_solver_package' build argument 'cmake_target' from command line to 'None'
[0.263s] Level 5:colcon.colcon_core.verb:set package 'maze_solver_package' build argument 'cmake_target_skip_unavailable' from command line to 'False'
[0.263s] Level 5:colcon.colcon_core.verb:set package 'maze_solver_package' build argument 'cmake_clean_cache' from command line to 'False'
[0.263s] Level 5:colcon.colcon_core.verb:set package 'maze_solver_package' build argument 'cmake_clean_first' from command line to 'False'
[0.263s] Level 5:colcon.colcon_core.verb:set package 'maze_solver_package' build argument 'cmake_force_configure' from command line to 'False'
[0.263s] Level 5:colcon.colcon_core.verb:set package 'maze_solver_package' build argument 'ament_cmake_args' from command line to 'None'
[0.263s] Level 5:colcon.colcon_core.verb:set package 'maze_solver_package' build argument 'catkin_cmake_args' from command line to 'None'
[0.263s] Level 5:colcon.colcon_core.verb:set package 'maze_solver_package' build argument 'catkin_skip_building_tests' from command line to 'False'
[0.263s] DEBUG:colcon.colcon_core.verb:Building package 'maze_solver_package' with the following arguments: {'ament_cmake_args': None, 'build_base': '/home/miche658/CSCI4551/project/build/maze_solver_package', 'catkin_cmake_args': None, 'catkin_skip_building_tests': False, 'cmake_args': None, 'cmake_clean_cache': False, 'cmake_clean_first': False, 'cmake_force_configure': False, 'cmake_target': None, 'cmake_target_skip_unavailable': False, 'install_base': '/home/miche658/CSCI4551/project/install/maze_solver_package', 'merge_install': False, 'path': '/home/miche658/CSCI4551/project/src/maze_solver_package', 'symlink_install': False, 'test_result_base': None}
[0.263s] INFO:colcon.colcon_core.executor:Executing jobs using 'parallel' executor
[0.263s] DEBUG:colcon.colcon_parallel_executor.executor.parallel:run_until_complete
[0.264s] INFO:colcon.colcon_ros.task.catkin.build:Building ROS package in '/home/miche658/CSCI4551/project/src/maze_bringup_package' with build type 'catkin'
[0.264s] INFO:colcon.colcon_cmake.task.cmake.build:Building CMake package in '/home/miche658/CSCI4551/project/src/maze_bringup_package'
[0.265s] INFO:colcon.colcon_core.plugin_system:Skipping extension 'colcon_core.shell.bat': Not used on non-Windows systems
[0.265s] INFO:colcon.colcon_core.shell:Skip shell extension 'powershell' for command environment: Not usable outside of PowerShell
[0.265s] DEBUG:colcon.colcon_core.shell:Skip shell extension 'dsv' for command environment
[0.281s] INFO:colcon.colcon_ros.task.ament_python.build:Building ROS package in '/home/miche658/CSCI4551/project/src/maze_solver_package' with build type 'ament_python'
[0.281s] Level 1:colcon.colcon_core.shell:create_environment_hook('maze_solver_package', 'ament_prefix_path')
[0.281s] INFO:colcon.colcon_core.shell:Creating environment hook '/home/miche658/CSCI4551/project/install/maze_solver_package/share/maze_solver_package/hook/ament_prefix_path.ps1'
[0.290s] INFO:colcon.colcon_core.shell:Creating environment descriptor '/home/miche658/CSCI4551/project/install/maze_solver_package/share/maze_solver_package/hook/ament_prefix_path.dsv'
[0.295s] INFO:colcon.colcon_core.shell:Creating environment hook '/home/miche658/CSCI4551/project/install/maze_solver_package/share/maze_solver_package/hook/ament_prefix_path.sh'
[0.300s] INFO:colcon.colcon_core.shell:Skip shell extension 'powershell' for command environment: Not usable outside of PowerShell
[0.300s] DEBUG:colcon.colcon_core.shell:Skip shell extension 'dsv' for command environment
[0.348s] DEBUG:colcon.colcon_core.event_handler.log_command:Invoking command in '/home/miche658/CSCI4551/project/build/maze_bringup_package': DEBUGINFOD_URLS=https://debuginfod.ubuntu.com _=/usr/bin/env /usr/bin/cmake /home/miche658/CSCI4551/project/src/maze_bringup_package -DCATKIN_INSTALL_INTO_PREFIX_ROOT=0 -DCMAKE_INSTALL_PREFIX=/home/miche658/CSCI4551/project/install/maze_bringup_package
[0.608s] INFO:colcon.colcon_core.task.python.build:Building Python package in '/home/miche658/CSCI4551/project/src/maze_solver_package'
[0.608s] INFO:colcon.colcon_core.shell:Skip shell extension 'powershell' for command environment: Not usable outside of PowerShell
[0.608s] DEBUG:colcon.colcon_core.shell:Skip shell extension 'dsv' for command environment
[1.424s] DEBUG:colcon.colcon_core.event_handler.log_command:Invoking command in '/home/miche658/CSCI4551/project/src/maze_solver_package': DEBUGINFOD_URLS=https://debuginfod.ubuntu.com PYTHONPATH=/home/miche658/CSCI4551/project/build/maze_solver_package/prefix_override:/usr/lib/python3/dist-packages/colcon_core/task/python/colcon_distutils_commands:/home/miche658/CSCI4551/project/install/maze_solver_package/lib/python3.12/site-packages:${PYTHONPATH} _=/usr/bin/env /usr/bin/python3 -W ignore:setup.py install is deprecated -W ignore:easy_install command is deprecated setup.py egg_info --egg-base ../../build/maze_solver_package build --build-base /home/miche658/CSCI4551/project/build/maze_solver_package/build install --record /home/miche658/CSCI4551/project/build/maze_solver_package/install.log --single-version-externally-managed install_data
[2.547s] DEBUG:colcon.colcon_core.event_handler.log_command:Invoked command in '/home/miche658/CSCI4551/project/src/maze_solver_package' returned '0': DEBUGINFOD_URLS=https://debuginfod.ubuntu.com PYTHONPATH=/home/miche658/CSCI4551/project/build/maze_solver_package/prefix_override:/usr/lib/python3/dist-packages/colcon_core/task/python/colcon_distutils_commands:/home/miche658/CSCI4551/project/install/maze_solver_package/lib/python3.12/site-packages:${PYTHONPATH} _=/usr/bin/env /usr/bin/python3 -W ignore:setup.py install is deprecated -W ignore:easy_install command is deprecated setup.py egg_info --egg-base ../../build/maze_solver_package build --build-base /home/miche658/CSCI4551/project/build/maze_solver_package/build install --record /home/miche658/CSCI4551/project/build/maze_solver_package/install.log --single-version-externally-managed install_data
[2.548s] Level 1:colcon.colcon_core.environment:checking '/home/miche658/CSCI4551/project/install/maze_solver_package' for CMake module files
[2.555s] Level 1:colcon.colcon_core.environment:checking '/home/miche658/CSCI4551/project/install/maze_solver_package' for CMake config files
[2.574s] Level 1:colcon.colcon_core.environment:checking '/home/miche658/CSCI4551/project/install/maze_solver_package/lib'
[2.575s] Level 1:colcon.colcon_core.environment:checking '/home/miche658/CSCI4551/project/install/maze_solver_package/bin'
[2.576s] Level 1:colcon.colcon_core.environment:checking '/home/miche658/CSCI4551/project/install/maze_solver_package/lib/pkgconfig/maze_solver_package.pc'
[2.577s] Level 1:colcon.colcon_core.environment:checking '/home/miche658/CSCI4551/project/install/maze_solver_package/lib/python3.12/site-packages'
[2.577s] Level 1:colcon.colcon_core.shell:create_environment_hook('maze_solver_package', 'pythonpath')
[2.577s] INFO:colcon.colcon_core.shell:Creating environment hook '/home/miche658/CSCI4551/project/install/maze_solver_package/share/maze_solver_package/hook/pythonpath.ps1'
[2.581s] INFO:colcon.colcon_core.shell:Creating environment descriptor '/home/miche658/CSCI4551/project/install/maze_solver_package/share/maze_solver_package/hook/pythonpath.dsv'
[2.586s] INFO:colcon.colcon_core.shell:Creating environment hook '/home/miche658/CSCI4551/project/install/maze_solver_package/share/maze_solver_package/hook/pythonpath.sh'
[2.590s] Level 1:colcon.colcon_core.environment:checking '/home/miche658/CSCI4551/project/install/maze_solver_package/bin'
[2.591s] Level 1:colcon.colcon_core.environment:create_environment_scripts_only(maze_solver_package)
[2.591s] INFO:colcon.colcon_core.shell:Creating package script '/home/miche658/CSCI4551/project/install/maze_solver_package/share/maze_solver_package/package.ps1'
[2.596s] INFO:colcon.colcon_core.shell:Creating package descriptor '/home/miche658/CSCI4551/project/install/maze_solver_package/share/maze_solver_package/package.dsv'
[2.601s] INFO:colcon.colcon_core.shell:Creating package script '/home/miche658/CSCI4551/project/install/maze_solver_package/share/maze_solver_package/package.sh'
[2.606s] INFO:colcon.colcon_core.shell:Creating package script '/home/miche658/CSCI4551/project/install/maze_solver_package/share/maze_solver_package/package.bash'
[2.611s] INFO:colcon.colcon_core.shell:Creating package script '/home/miche658/CSCI4551/project/install/maze_solver_package/share/maze_solver_package/package.zsh'
[2.616s] Level 1:colcon.colcon_core.environment:create_file_with_runtime_dependencies(/home/miche658/CSCI4551/project/install/maze_solver_package/share/colcon-core/packages/maze_solver_package)
[2.635s] DEBUG:colcon.colcon_core.event_handler.log_command:Invoked command in '/home/miche658/CSCI4551/project/build/maze_bringup_package' returned '0': DEBUGINFOD_URLS=https://debuginfod.ubuntu.com _=/usr/bin/env /usr/bin/cmake /home/miche658/CSCI4551/project/src/maze_bringup_package -DCATKIN_INSTALL_INTO_PREFIX_ROOT=0 -DCMAKE_INSTALL_PREFIX=/home/miche658/CSCI4551/project/install/maze_bringup_package
[2.635s] DEBUG:colcon.colcon_core.event_handler.log_command:Invoking command in '/home/miche658/CSCI4551/project/build/maze_bringup_package': DEBUGINFOD_URLS=https://debuginfod.ubuntu.com _=/usr/bin/env /usr/bin/cmake --build /home/miche658/CSCI4551/project/build/maze_bringup_package -- -j16 -l16
[2.716s] DEBUG:colcon.colcon_core.event_handler.log_command:Invoked command in '/home/miche658/CSCI4551/project/build/maze_bringup_package' returned '0': DEBUGINFOD_URLS=https://debuginfod.ubuntu.com _=/usr/bin/env /usr/bin/cmake --build /home/miche658/CSCI4551/project/build/maze_bringup_package -- -j16 -l16
[2.765s] DEBUG:colcon.colcon_core.event_handler.log_command:Invoking command in '/home/miche658/CSCI4551/project/build/maze_bringup_package': DEBUGINFOD_URLS=https://debuginfod.ubuntu.com _=/usr/bin/env /usr/bin/cmake --install /home/miche658/CSCI4551/project/build/maze_bringup_package
[3.055s] DEBUG:colcon.colcon_core.event_handler.log_command:Invoked command in '/home/miche658/CSCI4551/project/build/maze_bringup_package' returned '0': DEBUGINFOD_URLS=https://debuginfod.ubuntu.com _=/usr/bin/env /usr/bin/cmake --install /home/miche658/CSCI4551/project/build/maze_bringup_package
[3.059s] Level 1:colcon.colcon_core.shell:create_environment_hook('maze_bringup_package', 'ros_package_path')
[3.059s] INFO:colcon.colcon_core.shell:Creating environment hook '/home/miche658/CSCI4551/project/install/maze_bringup_package/share/maze_bringup_package/hook/ros_package_path.ps1'
[3.065s] INFO:colcon.colcon_core.shell:Creating environment descriptor '/home/miche658/CSCI4551/project/install/maze_bringup_package/share/maze_bringup_package/hook/ros_package_path.dsv'
[3.070s] INFO:colcon.colcon_core.shell:Creating environment hook '/home/miche658/CSCI4551/project/install/maze_bringup_package/share/maze_bringup_package/hook/ros_package_path.sh'
[3.076s] Level 1:colcon.colcon_core.shell:create_environment_hook('maze_bringup_package', 'pkg_config_path')
[3.076s] INFO:colcon.colcon_core.shell:Creating environment hook '/home/miche658/CSCI4551/project/install/maze_bringup_package/share/maze_bringup_package/hook/pkg_config_path.ps1'
[3.080s] INFO:colcon.colcon_core.shell:Creating environment descriptor '/home/miche658/CSCI4551/project/install/maze_bringup_package/share/maze_bringup_package/hook/pkg_config_path.dsv'
[3.084s] INFO:colcon.colcon_core.shell:Creating environment hook '/home/miche658/CSCI4551/project/install/maze_bringup_package/share/maze_bringup_package/hook/pkg_config_path.sh'
[3.098s] Level 1:colcon.colcon_core.shell:create_environment_hook('maze_bringup_package', 'pkg_config_path_multiarch')
[3.098s] INFO:colcon.colcon_core.shell:Creating environment hook '/home/miche658/CSCI4551/project/install/maze_bringup_package/share/maze_bringup_package/hook/pkg_config_path_multiarch.ps1'
[3.103s] INFO:colcon.colcon_core.shell:Creating environment descriptor '/home/miche658/CSCI4551/project/install/maze_bringup_package/share/maze_bringup_package/hook/pkg_config_path_multiarch.dsv'
[3.107s] INFO:colcon.colcon_core.shell:Creating environment hook '/home/miche658/CSCI4551/project/install/maze_bringup_package/share/maze_bringup_package/hook/pkg_config_path_multiarch.sh'
[3.112s] Level 1:colcon.colcon_core.environment:create_environment_scripts_only(maze_bringup_package)
[3.112s] Level 1:colcon.colcon_core.environment:checking '/home/miche658/CSCI4551/project/install/maze_bringup_package' for CMake module files
[3.119s] Level 1:colcon.colcon_core.environment:checking '/home/miche658/CSCI4551/project/install/maze_bringup_package' for CMake config files
[3.127s] Level 1:colcon.colcon_core.shell:create_environment_hook('maze_bringup_package', 'cmake_prefix_path')
[3.127s] INFO:colcon.colcon_core.shell:Creating environment hook '/home/miche658/CSCI4551/project/install/maze_bringup_package/share/maze_bringup_package/hook/cmake_prefix_path.ps1'
[3.130s] INFO:colcon.colcon_core.shell:Creating environment descriptor '/home/miche658/CSCI4551/project/install/maze_bringup_package/share/maze_bringup_package/hook/cmake_prefix_path.dsv'
[3.136s] INFO:colcon.colcon_core.shell:Creating environment hook '/home/miche658/CSCI4551/project/install/maze_bringup_package/share/maze_bringup_package/hook/cmake_prefix_path.sh'
[3.142s] Level 1:colcon.colcon_core.environment:checking '/home/miche658/CSCI4551/project/install/maze_bringup_package/bin'
[3.142s] Level 1:colcon.colcon_core.environment:checking '/home/miche658/CSCI4551/project/install/maze_bringup_package/lib/pkgconfig/maze_bringup_package.pc'
[3.143s] Level 1:colcon.colcon_core.environment:checking '/home/miche658/CSCI4551/project/install/maze_bringup_package/lib/python3.12/site-packages'
[3.143s] Level 1:colcon.colcon_core.environment:checking '/home/miche658/CSCI4551/project/install/maze_bringup_package/bin'
[3.143s] INFO:colcon.colcon_core.shell:Creating package script '/home/miche658/CSCI4551/project/install/maze_bringup_package/share/maze_bringup_package/package.ps1'
[3.148s] INFO:colcon.colcon_core.shell:Creating package descriptor '/home/miche658/CSCI4551/project/install/maze_bringup_package/share/maze_bringup_package/package.dsv'
[3.153s] INFO:colcon.colcon_core.shell:Creating package script '/home/miche658/CSCI4551/project/install/maze_bringup_package/share/maze_bringup_package/package.sh'
[3.157s] INFO:colcon.colcon_core.shell:Creating package script '/home/miche658/CSCI4551/project/install/maze_bringup_package/share/maze_bringup_package/package.bash'
[3.162s] INFO:colcon.colcon_core.shell:Creating package script '/home/miche658/CSCI4551/project/install/maze_bringup_package/share/maze_bringup_package/package.zsh'
[3.166s] Level 1:colcon.colcon_core.environment:create_file_with_runtime_dependencies(/home/miche658/CSCI4551/project/install/maze_bringup_package/share/colcon-core/packages/maze_bringup_package)
[3.174s] DEBUG:colcon.colcon_parallel_executor.executor.parallel:closing loop
[3.174s] DEBUG:colcon.colcon_parallel_executor.executor.parallel:loop closed
[3.174s] DEBUG:colcon.colcon_parallel_executor.executor.parallel:run_until_complete finished with '0'
[3.174s] DEBUG:colcon.colcon_core.event_reactor:joining thread
[3.191s] INFO:colcon.colcon_core.plugin_system:Skipping extension 'colcon_notification.desktop_notification.terminal_notifier': Not used on non-Darwin systems
[3.191s] INFO:colcon.colcon_core.plugin_system:Skipping extension 'colcon_notification.desktop_notification.win32': Not used on non-Windows systems
[3.191s] INFO:colcon.colcon_notification.desktop_notification:Sending desktop notification using 'notify2'
[3.200s] DEBUG:colcon.colcon_core.event_reactor:joined thread
[3.200s] INFO:colcon.colcon_core.shell:Creating prefix script '/home/miche658/CSCI4551/project/install/local_setup.ps1'
[3.204s] INFO:colcon.colcon_core.shell:Creating prefix util module '/home/miche658/CSCI4551/project/install/_local_setup_util_ps1.py'
[3.209s] INFO:colcon.colcon_core.shell:Creating prefix chain script '/home/miche658/CSCI4551/project/install/setup.ps1'
[3.221s] INFO:colcon.colcon_core.shell:Creating prefix script '/home/miche658/CSCI4551/project/install/local_setup.sh'
[3.226s] INFO:colcon.colcon_core.shell:Creating prefix util module '/home/miche658/CSCI4551/project/install/_local_setup_util_sh.py'
[3.232s] INFO:colcon.colcon_core.shell:Creating prefix chain script '/home/miche658/CSCI4551/project/install/setup.sh'
[3.247s] INFO:colcon.colcon_core.shell:Creating prefix script '/home/miche658/CSCI4551/project/install/local_setup.bash'
[3.252s] INFO:colcon.colcon_core.shell:Creating prefix chain script '/home/miche658/CSCI4551/project/install/setup.bash'
[3.262s] INFO:colcon.colcon_core.shell:Creating prefix script '/home/miche658/CSCI4551/project/install/local_setup.zsh'
[3.268s] INFO:colcon.colcon_core.shell:Creating prefix chain script '/home/miche658/CSCI4551/project/install/setup.zsh'
